
============================================================
Session: 2026-03-21 23:27:11
============================================================
[23:27:21] seq=001 DONGLE→SERVER    READ_INPUT_RESP reg=0..39 (40 regs)
        RAW: 11007500000018106c0160004000000000000000000000001e09000000048f13000000000a000000260911226a1090130000000000005300080005000000070007000200020000000000200087107507
[23:27:22] seq=001 DONGLE→SERVER    READ_INPUT_RESP reg=40..79 (40 regs)
        RAW: 4a9f0000bf5b0000000000008ea80000300c0000ac7800006c5100007d0300009d000000e5680000000000000002000427002300280026000000b4fba906000000000000000000000000200000000000
[23:27:26] seq=001 SERVER→DONGLE    READ_HOLD_REQ   reg=127..253 count=127
[23:27:27] seq=001 DONGLE→SERVER    READ_HOLD_RESP  reg=127..253 (127 regs)
  [127]         reg127 =     0
  [128]         reg128 =     0
  [129]         reg129 =     0
  [130]         reg130 =     0
  [131]         reg131 =     0
  [132]         reg132 =     0
  [133]         reg133 =   271
  [134]         reg134 =     0
  [135]         reg135 =     0
  [136]         reg136 =     0
  [137]         reg137 =     0
  [138]         reg138 =     0
  [139]         reg139 =     0
  [140]         reg140 =     0
  [141]         reg141 =     0
  [142]         reg142 =     0
  [143]         reg143 =     0
  [144]         reg144 =   560
  [145]         reg145 =     0
  [146]         reg146 =     0
  [147]         reg147 =   100
  [148]         reg148 =   512
  [149]         reg149 =   568
  [150]         reg150 =    30
  [151]         reg151 =     0
  [152]         reg152 =     0
  [153]         reg153 =     0
  [154]         reg154 =     0
  [155]         reg155 =     0
  [156]         reg156 =     0
  [157]         reg157 =     0
  [158]         reg158 =   464
  [159]         reg159 =   542
  [160]         reg160 =    20
  [161]         reg161 =   100
  [162]         reg162 =   503
  [163]         reg163 =     0
  [164]         reg164 =    20
  [165]         reg165 =     0
  [166]         reg166 =     0
  [167]         reg167 =     0
  [168]         reg168 =     0
  [169]         reg169 =   510
  [170]         reg170 =     0
  [171]         reg171 =     0
  [172]         reg172 =     0
  [173]         reg173 =     0
  [174]         reg174 =     0
  [175]         reg175 =     0
  [176]         reg176 =    80
  [177]         reg177 =  7370
  [178]         reg178 = 51657
  [179]         reg179 =     0
  [180]         reg180 =   100
  [181]         reg181 =     0
  [182]         reg182 =     0
  [183]         reg183 =     0
  [184]         reg184 =     0
  [185]         reg185 =     0
  [186]         reg186 =     0
  [187]         reg187 =     0
  [188]         reg188 =     0
  [189]         reg189 =     0
  [190]         reg190 =     0
  [191]         reg191 =     0
  [192]         reg192 =     0
  [193]         reg193 =     0
  [194]         reg194 =   464
  [195]         reg195 =   480
  [196]         reg196 =    20
  [197]         reg197 =   100
  [198]         reg198 =    30
  [199]         reg199 =     0
  [200]         reg200 =     0
  [201]         reg201 =   595
  [202]         reg202 =     0
  [203]         reg203 =     0
  [204]         reg204 =   100
  [205]         reg205 =     0
  [206]         reg206 =     0
  [207]         reg207 =     0
  [208]         reg208 =     0
  [209]         reg209 =     0
  [210]         reg210 =     0
  [211]         reg211 =     0
  [212]         reg212 =     0
  [213]         reg213 =   540
  [214]         reg214 =   480
  [215]         reg215 =    90
  [216]         reg216 =    60
  [217]         reg217 =     5
  [218]         reg218 =     0
  [219]         reg219 =     0
  [220]         reg220 =    50
  [221]         reg221 =    90
  [222]         reg222 =   500
  [223]         reg223 =   540
  [224]         reg224 =     0
  [225]         reg225 =     0
  [226]         reg226 =     0
  [227]         reg227 =   101
  [228]         reg228 =   595
  [229]         reg229 =   360
  [230]         reg230 =     0
  [231]         reg231 =     0
  [232]         reg232 =     0
  [233]         reg233 =     0
  [234]         reg234 =     0
  [235]         reg235 =     0
  [236]         reg236 =     0
  [237]         reg237 =     0
  [238]         reg238 =     0
  [239]         reg239 =     0
  [240]         reg240 =     0
  [241]         reg241 =     0
  [242]         reg242 =     0
  [243]         reg243 =     0
  [244]         reg244 =     0
  [245]         reg245 =     0
  [246]         reg246 =     0
  [247]         reg247 =     0
  [248]         reg248 =     0
  [249]         reg249 =     0
  [250]         reg250 =     0
  [251]         reg251 =     0
  [252]         reg252 =     0
  [253]         reg253 =    10
[23:27:28] seq=001 SERVER→DONGLE    READ_HOLD_REQ   reg=240..366 count=127
[23:27:29] seq=001 DONGLE→SERVER    READ_HOLD_RESP  reg=240..366 (127 regs)
  [240]         reg240 =     0
  [241]         reg241 =     0
  [242]         reg242 =     0
  [243]         reg243 =     0
  [244]         reg244 =     0
  [245]         reg245 =     0
  [246]         reg246 =     0
  [247]         reg247 =     0
  [248]         reg248 =     0
  [249]         reg249 =     0
  [250]         reg250 =     0
  [251]         reg251 =     0
  [252]         reg252 =     0
  [253]         reg253 =    10
  [254]         reg254 =    30
  [255]         reg255 =     0
  [256]         reg256 =     0
  [257]         reg257 = 15127
  [258]         reg258 =     0
  [259]         reg259 =     0
  [260]         reg260 =     0
  [261]         reg261 =     0
  [262]         reg262 =     0
  [263]         reg263 =     0
  [264]         reg264 =     0
  [265]         reg265 =     0
  [266]         reg266 =     0
  [267]         reg267 =     0
  [268]         reg268 =     0
  [269]         reg269 =     0
  [270]         reg270 =     0
  [271]         reg271 =     0
  [272]         reg272 =     0
  [273]         reg273 =     0
  [274]         reg274 =     0
  [275]         reg275 =     0
  [276]         reg276 =     0
  [277]         reg277 =     0
  [278]         reg278 =     0
  [279]         reg279 =     0
  [280]         reg280 =     0
  [281]         reg281 =     0
  [282]         reg282 =     0
  [283]         reg283 =     0
  [284]         reg284 =     0
  [285]         reg285 =     0
  [286]         reg286 =     0
  [287]         reg287 =     0
  [288]         reg288 =     0
  [289]         reg289 =     0
  [290]         reg290 =     0
  [291]         reg291 =     0
  [292]         reg292 =     0
  [293]         reg293 =     0
  [294]         reg294 =     0
  [295]         reg295 =     0
  [296]         reg296 =     0
  [297]         reg297 =     0
  [298]         reg298 =     0
  [299]         reg299 =     0
  [300]         reg300 =     0
  [301]         reg301 =     0
  [302]         reg302 =     0
  [303]         reg303 =     0
  [304]         reg304 =     0
  [305]         reg305 =     0
  [306]         reg306 =     0
  [307]         reg307 =     0
  [308]         reg308 =     0
  [309]         reg309 =     0
  [310]         reg310 =     0
  [311]         reg311 =     0
  [312]         reg312 =     0
  [313]         reg313 =     0
  [314]         reg314 =     0
  [315]         reg315 =     0
  [316]         reg316 =     0
  [317]         reg317 =     0
  [318]         reg318 =     0
  [319]         reg319 =     0
  [320]         reg320 =     0
  [321]         reg321 =     0
  [322]         reg322 =     0
  [323]         reg323 =     0
  [324]         reg324 =     0
  [325]         reg325 =     0
  [326]         reg326 =     0
  [327]         reg327 =     0
  [328]         reg328 =     0
  [329]         reg329 =     0
  [330]         reg330 =     0
  [331]         reg331 =     0
  [332]         reg332 =     0
  [333]         reg333 =     0
  [334]         reg334 =     0
  [335]         reg335 =     0
  [336]         reg336 =     0
  [337]         reg337 =     0
  [338]         reg338 =     0
  [339]         reg339 =     0
  [340]         reg340 =     0
  [341]         reg341 =     0
  [342]         reg342 =     0
  [343]         reg343 =     0
  [344]         reg344 =     0
  [345]         reg345 =     0
  [346]         reg346 =     0
  [347]         reg347 =     0
  [348]         reg348 =     0
  [349]         reg349 =     0
  [350]         reg350 =     0
  [351]         reg351 =     0
  [352]         reg352 =     0
  [353]         reg353 =     0
  [354]         reg354 =     0
  [355]         reg355 =     0
  [356]         reg356 =     0
  [357]         reg357 =     0
  [358]         reg358 =     0
  [359]         reg359 =     0
  [360]         reg360 =     0
  [361]         reg361 =     0
  [362]         reg362 =     0
  [363]         reg363 =     0
  [364]         reg364 =     0
  [365]         reg365 =     0
  [366]         reg366 =     0
[23:27:41] seq=001 DONGLE→SERVER    READ_INPUT_RESP reg=0..39 (40 regs)
        RAW: 110074000000280c2b015e004000000000000000000000002509000006f49713000000001e000000280911226a109813000000000000430008000500000007000700020002000000000020002d0c3000
[23:27:42] seq=001 DONGLE→SERVER    READ_INPUT_RESP reg=40..79 (40 regs)
        RAW: 4a9f0000bf5b0000000000008ea80000300c0000ac7800006c5100007d0300009d000000e5680000000000000002000c27002300280026000000c8fba906000000000000000000000000200000000000
[23:28:01] seq=001 DONGLE→SERVER    READ_INPUT_RESP reg=0..39 (40 regs)
        RAW: 1000790000001a113c025c0000000000000000000000160024090000017499130000260082000000350910326a109713000000000000690008000500000007000700020002000000000020001e11e80f
[23:28:02] seq=001 DONGLE→SERVER    READ_INPUT_RESP reg=40..79 (40 regs)
        RAW: 4a9f0000bf5b0000000000008ea80000300c0000ac7800006c5100007d0300009d000000e5680000000000000002000827002300280026000000dcfba906000000000000000000000000200000000000
[23:28:21] seq=001 DONGLE→SERVER    READ_INPUT_RESP reg=0..39 (40 regs)
        RAW: 100078000000f01035025d000000000000000000000014002409000001749413000028006e0000002f0910326a10931300000000000073000800050000000700070002000200000000002000f010b60f
[23:28:22] seq=001 DONGLE→SERVER    READ_INPUT_RESP reg=40..79 (40 regs)
        RAW: 4a9f0000bf5b0000000000008ea80000300c0000ac7800006c5100007d0300009d000000e5680000000000000002000827002300280026000000f0fba906000000000000000000000000200000000000
[23:28:41] seq=001 DONGLE→SERVER    READ_INPUT_RESP reg=0..39 (40 regs)
        RAW: 100078000000e71035025e0000000000000000000000130039090000017493130000290078000000460910326a1093130000000000006c000800050000000700070002000200000000002000f010ba0f
[23:28:42] seq=001 DONGLE→SERVER    READ_INPUT_RESP reg=40..79 (40 regs)
        RAW: 4a9f0000bf5b0000000000008ea80000300c0000ac7800006c5100007d0300009d000000e568000000000000000200082700230028002600000004fca906000000000000000000000000200000000000
[23:29:01] seq=001 DONGLE→SERVER    READ_INPUT_RESP reg=0..39 (40 regs)
        RAW: 100078000000fd1023025d0000000000000000000400000041090000017494130000410078000000490910326a10941300000000000087000800050000000700070002000200000000002000d210390f
[23:29:02] seq=001 DONGLE→SERVER    READ_INPUT_RESP reg=40..79 (40 regs)
        RAW: 4a9f0000bf5b0000000000008ea80000300c0000ac7800006c5100007d0300009d000000e568000000000000000200082700230028002600000018fca906000000000000000000000000200000000000
[23:29:21] seq=001 DONGLE→SERVER    READ_INPUT_RESP reg=0..39 (40 regs)
        RAW: 100078006500fa1028025f000000000000000000000000004009000001749a1300003b00780000004c0910326a1099130000000000008a000800050000000700070002000200000000002000d0105f0f
[23:29:22] seq=001 DONGLE→SERVER    READ_INPUT_RESP reg=40..79 (40 regs)
        RAW: 4a9f0000bf5b0000000000008ea80000300c0000ac7800006c5100007d0300009d000000e56800000000000000020008270024002800260000002cfca906000000000000000000000000200000000000
[23:29:41] seq=001 DONGLE→SERVER    READ_INPUT_RESP reg=0..39 (40 regs)
        RAW: 100078006600e01035025f000000000000000000000007004009000001749e13000035008c000000510910326a109e1300000000000084000800050000000700070002000200000000002000f310b80f
[23:29:42] seq=001 DONGLE→SERVER    READ_INPUT_RESP reg=40..79 (40 regs)
        RAW: 4a9f0000bf5b0000000000008ea80000300c0000ac7800006c5100007d0300009d000000e568000000000000000200082700240028002600000040fca906000000000000000000000000200000000000
[23:29:47] seq=001 DONGLE→SERVER    READ_INPUT_RESP reg=0..126 (127 regs)
        RAW: 100078006600fd1028025f0000000000000000000000160046090000017497130000260096000000410910326a1097130000000000007c000800050000000700070002000200000000002000d8105f0f4a9f0000bf5b0000000000008ea80000300c0000ac7800006c5100007d0300009d000000e568000000000000000200082700240028002600000045fca90600000000000000000000000020000000000005047d002c0130022c01000000000000000000007133bfab0e03f06085000300000064000000000000000000000000000000290200002802000000000000000000000401000032313933303338303331000000000000afc00009c1ec1424
[23:29:48] seq=001 DONGLE→SERVER    READ_INPUT_RESP reg=127..253 (127 regs)
        RAW: 00000000000000000000000000000000347c280003bc33000000000000000000000000000000000000000000000000000000000000000000000000000000000000000000000000000000000000000000000000000000570000000000000000810000000000000000000000000000000000000000000000000000000000000000000000000000000000000000000000000000000000000000000000000000000000000000000000005700000000000000000000000000000000000000000000000000000000000000000000000000000000000000000039ae1600000000000000000000000000000000000000000000000000000000000000000000000000
[23:29:49] seq=001 DONGLE→SERVER    READ_INPUT_RESP reg=254..380 (127 regs)
        RAW: 0000000000000000000000000000000000000000000000000000000000000000000000000000000000000000000000000000000000000000000000000000000000000000000000000000000000000000000000000000000000000000000000000000000000000000000000000000000000000000000000000000000000000000000000000000000000000000000000000000000000000000000000000000000000000000000000000000000000000000000000000000000000000000000000000000000000000000000000000000000000000000000000000000000000000000000000000000000000000000000000000000000000000000000000000000
[23:30:01] seq=001 DONGLE→SERVER    READ_INPUT_RESP reg=0..39 (40 regs)
        RAW: 100078006700f5102b025f00000000000000000000001900450900000174a01300002400960000004c0910326a109b130000000000007b000800050000000700070002000200000000002000d5106d0f
[23:30:02] seq=001 DONGLE→SERVER    READ_INPUT_RESP reg=40..79 (40 regs)
        RAW: 4a9f0000bf5b0000000000008ea80000300c0000ac7800006c5100007d0300009d000000e568000000000000000200082700240028002600000054fca906000000000000000000000000200000000000

============================================================
Session: 2026-03-21 23:32:45
============================================================
[23:32:47] seq=001 DONGLE→SERVER    READ_HOLD_RESP  reg=120..159 (40 regs)
  [120]     sys_enable =     0  → DischgCtrl=Voltage EOD=Voltage GenChg=0
  [121]         reg121 =     0
  [122]         reg122 =     0
  [123]         reg123 =     0
  [124]         reg124 =     0
  [125]         reg125 =    15
  [126]         reg126 =     0
  [127]         reg127 =     0
  [128]         reg128 =     0
  [129]         reg129 =     0
  [130]         reg130 =     0
  [131]         reg131 =     0
  [132]         reg132 =     0
  [133]         reg133 =   271
  [134]         reg134 =     0
  [135]         reg135 =     0
  [136]         reg136 =     0
  [137]         reg137 =     0
  [138]         reg138 =     0
  [139]         reg139 =     0
  [140]         reg140 =     0
  [141]         reg141 =     0
  [142]         reg142 =     0
  [143]         reg143 =     0
  [144]         reg144 =   560
  [145]         reg145 =     0
  [146]         reg146 =     0
  [147]         reg147 =   100
  [148]         reg148 =   512
  [149]         reg149 =   568
  [150]         reg150 =    30
  [151]         reg151 =     0
  [152]         reg152 =     0
  [153]         reg153 =     0
  [154]         reg154 =     0
  [155]         reg155 =     0
  [156]         reg156 =     0
  [157]         reg157 =     0
  [158]         reg158 =   464
  [159]         reg159 =   542
[23:32:47] seq=001 DONGLE→SERVER    READ_HOLD_RESP  reg=160..199 (40 regs)
  [160]         reg160 =    20
  [161]         reg161 =   100
  [162]         reg162 =   503
  [163]         reg163 =     0
  [164]         reg164 =    20
  [165]         reg165 =     0
  [166]         reg166 =     0
  [167]         reg167 =     0
  [168]         reg168 =     0
  [169]         reg169 =   510
  [170]         reg170 =     0
  [171]         reg171 =     0
  [172]         reg172 =     0
  [173]         reg173 =     0
  [174]         reg174 =     0
  [175]         reg175 =     0
  [176]         reg176 =    80
  [177]         reg177 =  7370
  [178]         reg178 = 51657
  [179]         reg179 =     0
  [180]         reg180 =   100
  [181]         reg181 =     0
  [182]         reg182 =     0
  [183]         reg183 =     0
  [184]         reg184 =     0
  [185]         reg185 =     0
  [186]         reg186 =     0
  [187]         reg187 =     0
  [188]         reg188 =     0
  [189]         reg189 =     0
  [190]         reg190 =     0
  [191]         reg191 =     0
  [192]         reg192 =     0
  [193]         reg193 =     0
  [194]         reg194 =   464
  [195]         reg195 =   480
  [196]         reg196 =    20
  [197]         reg197 =   100
  [198]         reg198 =    30
  [199]         reg199 =     0
[23:33:01] seq=001 DONGLE→SERVER    READ_INPUT_RESP reg=0..39 (40 regs)
        RAW: 100076006500ef10290260000000000000000000000015004d09000001749513000027008c000000530910326a10971300000000000074000800050000000700070002000200000000002000d710660f
[23:33:02] seq=001 DONGLE→SERVER    READ_INPUT_RESP reg=40..79 (40 regs)
        RAW: 4a9f0000bf5b0000000000008ea80000300c0000ac7800006c5100007d0300009d000000e568000000000000000200082700240028002600000008fda906000000000000000000000000200000000000

============================================================
Session: 2026-03-21 23:36:06
============================================================
[23:36:55] seq=001 DONGLE→SERVER    READ_INPUT_RESP reg=0..39 (40 regs)
        RAW: 100075000000f110280261000000000000000000000016004a09000001749413000026008c0000005a0910326a10961300000000000071000800050000000700070002000200000000002000d6105a0f
[23:36:55] seq=001 DONGLE→SERVER    READ_INPUT_RESP reg=80..119 (40 regs)
        RAW: 050492002c0130022c01000000000000000000007133bfab0e03f060850003000000640000000000000000000000000000002a0200002902000000000000000000000401000032313933303338303331
[23:36:56] seq=001 DONGLE→SERVER    READ_HOLD_RESP  reg=0..39 (40 regs)
  [  0]     hold_model =  1408  → Not Set / Standard Battery (raw=0x0580)
  [  1]           reg1 =     1
  [  2]           reg2 = 12594
  [  3]           reg3 = 13113
  [  4]           reg4 = 13104
  [  5]           reg5 = 12344
  [  6]           reg6 = 12595
  [  7]           reg7 = 16995
  [  8]           reg8 = 24929
  [  9]           reg9 = 36402
  [ 10]          reg10 =   406
  [ 11]          reg11 =     0
  [ 12]          reg12 =   794
  [ 13]          reg13 =  5909
  [ 14]    uptime_tick = 14116
  [ 15]          reg15 =     1
  [ 16]          reg16 =     1
  [ 17]          reg17 =     0
  [ 18]          reg18 =     0
  [ 19]          reg19 =     6
  [ 20]          reg20 =     4
  [ 21]        func_en = 18177
  [ 22]          reg22 =    65
  [ 23]          reg23 =    30
  [ 24]          reg24 =    60
  [ 25]          reg25 =  1955
  [ 26]          reg26 =  2530
  [ 27]          reg27 =  4700
  [ 28]          reg28 =  5050
  [ 29]          reg29 =  1955
  [ 30]          reg30 =  2530
  [ 31]          reg31 =   500
  [ 32]          reg32 =  2000
  [ 33]          reg33 =  1150
  [ 34]          reg34 =  2645
  [ 35]          reg35 =    10
  [ 36]          reg36 =   100
  [ 37]          reg37 =     0
  [ 38]          reg38 =  2760
  [ 39]          reg39 =     0
[23:36:57] seq=001 DONGLE→SERVER    READ_HOLD_RESP  reg=40..79 (40 regs)
  [ 40]          reg40 =     8
  [ 41]          reg41 =     0
  [ 42]          reg42 =  4700
  [ 43]          reg43 =  5200
  [ 44]          reg44 =    10
  [ 45]          reg45 =   215
  [ 46]          reg46 =     0
  [ 47]          reg47 =     0
  [ 48]          reg48 =     0
  [ 49]          reg49 =     0
  [ 50]          reg50 =     0
  [ 51]          reg51 =     0
  [ 52]          reg52 =     0
  [ 53]          reg53 =     0
  [ 54]          reg54 =     0
  [ 55]          reg55 =     0
  [ 56]          reg56 =     0
  [ 57]          reg57 =     0
  [ 58]          reg58 =     0
  [ 59]          reg59 =     0
  [ 60]          reg60 =   100
  [ 61]          reg61 =     0
  [ 62]          reg62 =  1000
  [ 63]          reg63 =   100
  [ 64]    charge_pwr% =   100  100.0%
  [ 65]    dischg_pwr% =   100  100.0%
  [ 66]          reg66 =   100
  [ 67]          reg67 =     0
  [ 68]          reg68 =     0
  [ 69]          reg69 =     0
  [ 70]          reg70 =     0
  [ 71]          reg71 =     0
  [ 72]          reg72 =     0
  [ 73]          reg73 =     0
  [ 74]          reg74 =     0
  [ 75]          reg75 =   101
  [ 76]          reg76 =     0
  [ 77]          reg77 =     0
  [ 78]          reg78 =     0
  [ 79]          reg79 =     0
[23:36:57] seq=001 DONGLE→SERVER    READ_HOLD_RESP  reg=80..119 (40 regs)
  [ 80]          reg80 =     0
  [ 81]          reg81 =     0
  [ 82]          reg82 =     0
  [ 83]          reg83 =     0
  [ 84]          reg84 =     0
  [ 85]          reg85 =     0
  [ 86]          reg86 =     0
  [ 87]          reg87 =     0
  [ 88]          reg88 =     0
  [ 89]          reg89 =     0
  [ 90]          reg90 =   230
  [ 91]          reg91 =    50
  [ 92]          reg92 =     0
  [ 93]          reg93 =     0
  [ 94]          reg94 =     0
  [ 95]          reg95 =     0
  [ 96]          reg96 =     0
  [ 97]          reg97 =     0
  [ 98]          reg98 =     0
  [ 99]    la_chg_volt =   566  56.6V
  [100]         reg100 =   503
  [101]    charge_rate =    20  20.0A
  [102]    dischg_rate =    30  30.0A
  [103]         reg103 =     0
  [104]         reg104 =     0
  [105]        eod_soc =    20  20.0%
  [106]         reg106 = 65336
  [107]         reg107 =   550
  [108]         reg108 =     0
  [109]         reg109 =   400
  [110]         reg110 = 17537
  [111]         reg111 =     0
  [112]         reg112 =     0
  [113]         reg113 =     1
  [114]         reg114 =     0
  [115]         reg115 =     0
  [116]         reg116 =     0
  [117]         reg117 =     0
  [118]         reg118 =     0
  [119]         reg119 =    40
[23:36:58] seq=001 DONGLE→SERVER    READ_HOLD_RESP  reg=120..159 (40 regs)
  [120]     sys_enable =     0  → DischgCtrl=Voltage EOD=Voltage GenChg=0
  [121]         reg121 =     0
  [122]         reg122 =     0
  [123]         reg123 =     0
  [124]         reg124 =     0
  [125]         reg125 =    15
  [126]         reg126 =     0
  [127]         reg127 =     0
  [128]         reg128 =     0
  [129]         reg129 =     0
  [130]         reg130 =     0
  [131]         reg131 =     0
  [132]         reg132 =     0
  [133]         reg133 =   271
  [134]         reg134 =     0
  [135]         reg135 =     0
  [136]         reg136 =     0
  [137]         reg137 =     0
  [138]         reg138 =     0
  [139]         reg139 =     0
  [140]         reg140 =     0
  [141]         reg141 =     0
  [142]         reg142 =     0
  [143]         reg143 =     0
  [144]         reg144 =   560
  [145]         reg145 =     0
  [146]         reg146 =     0
  [147]         reg147 =   100
  [148]         reg148 =   512
  [149]         reg149 =   568
  [150]         reg150 =    30
  [151]         reg151 =     0
  [152]         reg152 =     0
  [153]         reg153 =     0
  [154]         reg154 =     0
  [155]         reg155 =     0
  [156]         reg156 =     0
  [157]         reg157 =     0
  [158]         reg158 =   464
  [159]         reg159 =   542
[23:36:59] seq=001 DONGLE→SERVER    READ_HOLD_RESP  reg=160..199 (40 regs)
  [160]         reg160 =    20
  [161]         reg161 =   100
  [162]         reg162 =   503
  [163]         reg163 =     0
  [164]         reg164 =    20
  [165]         reg165 =     0
  [166]         reg166 =     0
  [167]         reg167 =     0
  [168]         reg168 =     0
  [169]         reg169 =   510
  [170]         reg170 =     0
  [171]         reg171 =     0
  [172]         reg172 =     0
  [173]         reg173 =     0
  [174]         reg174 =     0
  [175]         reg175 =     0
  [176]         reg176 =    80
  [177]         reg177 =  7370
  [178]         reg178 = 51657
  [179]         reg179 =     0
  [180]         reg180 =   100
  [181]         reg181 =     0
  [182]         reg182 =     0
  [183]         reg183 =     0
  [184]         reg184 =     0
  [185]         reg185 =     0
  [186]         reg186 =     0
  [187]         reg187 =     0
  [188]         reg188 =     0
  [189]         reg189 =     0
  [190]         reg190 =     0
  [191]         reg191 =     0
  [192]         reg192 =     0
  [193]         reg193 =     0
  [194]         reg194 =   464
  [195]         reg195 =   480
  [196]         reg196 =    20
  [197]         reg197 =   100
  [198]         reg198 =    30
  [199]         reg199 =     0
[23:36:59] seq=001 DONGLE→SERVER    READ_HOLD_RESP  reg=200..239 (40 regs)
  [200]         reg200 =     0
  [201]         reg201 =   595
  [202]         reg202 =     0
  [203]         reg203 =     0
  [204]         reg204 =   100
  [205]         reg205 =     0
  [206]         reg206 =     0
  [207]         reg207 =     0
  [208]         reg208 =     0
  [209]         reg209 =     0
  [210]         reg210 =     0
  [211]         reg211 =     0
  [212]         reg212 =     0
  [213]         reg213 =   540
  [214]         reg214 =   480
  [215]         reg215 =    90
  [216]         reg216 =    60
  [217]         reg217 =     5
  [218]         reg218 =     0
  [219]         reg219 =     0
  [220]         reg220 =    50
  [221]         reg221 =    90
  [222]         reg222 =   500
  [223]         reg223 =   540
  [224]         reg224 =     0
  [225]         reg225 =     0
  [226]         reg226 =     0
  [227]         reg227 =   101
  [228]         reg228 =   595
  [229]         reg229 =   360
  [230]         reg230 =     0
  [231]         reg231 =     0
  [232]         reg232 =     0
  [233]         reg233 =     0
  [234]         reg234 =     0
  [235]         reg235 =     0
  [236]         reg236 =     0
  [237]         reg237 =     0
  [238]         reg238 =     0
  [239]         reg239 =     0
[23:37:01] seq=001 DONGLE→SERVER    READ_INPUT_RESP reg=0..39 (40 regs)
        RAW: 100075000000f81023026100000000000000000003000000550900000174961300004100a0000000530910326a1096130000000000009e000800050000000700070002000200000000002000d110370f
[23:37:02] seq=001 DONGLE→SERVER    READ_INPUT_RESP reg=40..79 (40 regs)
        RAW: 4a9f0000bf5b0000000000008ea80000300c0000ac7800006c5100007d0300009d000000e5680000000000000002000827002400280026000000f7fda906000000000000000000000000200000000000
[23:37:02] seq=001 SERVER→DONGLE    READ_HOLD_REQ   reg=0..126 count=127
[23:37:03] seq=001 DONGLE→SERVER    READ_HOLD_RESP  reg=0..126 (127 regs)
  [  0]     hold_model =  1408  → Not Set / Standard Battery (raw=0x0580)
  [  1]           reg1 =     1
  [  2]           reg2 = 12594
  [  3]           reg3 = 13113
  [  4]           reg4 = 13104
  [  5]           reg5 = 12344
  [  6]           reg6 = 12595
  [  7]           reg7 = 16995
  [  8]           reg8 = 24929
  [  9]           reg9 = 36402
  [ 10]          reg10 =   406
  [ 11]          reg11 =     0
  [ 12]          reg12 =   794
  [ 13]          reg13 =  5909
  [ 14]    uptime_tick =   293
  [ 15]          reg15 =     1
  [ 16]          reg16 =     1
  [ 17]          reg17 =     0
  [ 18]          reg18 =     0
  [ 19]          reg19 =     6
  [ 20]          reg20 =     4
  [ 21]        func_en = 18177
  [ 22]          reg22 =    65
  [ 23]          reg23 =    30
  [ 24]          reg24 =    60
  [ 25]          reg25 =  1955
  [ 26]          reg26 =  2530
  [ 27]          reg27 =  4700
  [ 28]          reg28 =  5050
  [ 29]          reg29 =  1955
  [ 30]          reg30 =  2530
  [ 31]          reg31 =   500
  [ 32]          reg32 =  2000
  [ 33]          reg33 =  1150
  [ 34]          reg34 =  2645
  [ 35]          reg35 =    10
  [ 36]          reg36 =   100
  [ 37]          reg37 =     0
  [ 38]          reg38 =  2760
  [ 39]          reg39 =     0
  [ 40]          reg40 =     8
  [ 41]          reg41 =     0
  [ 42]          reg42 =  4700
  [ 43]          reg43 =  5200
  [ 44]          reg44 =    10
  [ 45]          reg45 =   215
  [ 46]          reg46 =     0
  [ 47]          reg47 =     0
  [ 48]          reg48 =     0
  [ 49]          reg49 =     0
  [ 50]          reg50 =     0
  [ 51]          reg51 =     0
  [ 52]          reg52 =     0
  [ 53]          reg53 =     0
  [ 54]          reg54 =     0
  [ 55]          reg55 =     0
  [ 56]          reg56 =     0
  [ 57]          reg57 =     0
  [ 58]          reg58 =     0
  [ 59]          reg59 =     0
  [ 60]          reg60 =   100
  [ 61]          reg61 =     0
  [ 62]          reg62 =  1000
  [ 63]          reg63 =   100
  [ 64]    charge_pwr% =   100  100.0%
  [ 65]    dischg_pwr% =   100  100.0%
  [ 66]          reg66 =   100
  [ 67]          reg67 =     0
  [ 68]          reg68 =     0
  [ 69]          reg69 =     0
  [ 70]          reg70 =     0
  [ 71]          reg71 =     0
  [ 72]          reg72 =     0
  [ 73]          reg73 =     0
  [ 74]          reg74 =     0
  [ 75]          reg75 =   101
  [ 76]          reg76 =     0
  [ 77]          reg77 =     0
  [ 78]          reg78 =     0
  [ 79]          reg79 =     0
  [ 80]          reg80 =     0
  [ 81]          reg81 =     0
  [ 82]          reg82 =     0
  [ 83]          reg83 =     0
  [ 84]          reg84 =     0
  [ 85]          reg85 =     0
  [ 86]          reg86 =     0
  [ 87]          reg87 =     0
  [ 88]          reg88 =     0
  [ 89]          reg89 =     0
  [ 90]          reg90 =   230
  [ 91]          reg91 =    50
  [ 92]          reg92 =     0
  [ 93]          reg93 =     0
  [ 94]          reg94 =     0
  [ 95]          reg95 =     0
  [ 96]          reg96 =     0
  [ 97]          reg97 =     0
  [ 98]          reg98 =     0
  [ 99]    la_chg_volt =   566  56.6V
  [100]         reg100 =   503
  [101]    charge_rate =    20  20.0A
  [102]    dischg_rate =    30  30.0A
  [103]         reg103 =     0
  [104]         reg104 =     0
  [105]        eod_soc =    20  20.0%
  [106]         reg106 = 65336
  [107]         reg107 =   550
  [108]         reg108 =     0
  [109]         reg109 =   400
  [110]         reg110 = 17537
  [111]         reg111 =     0
  [112]         reg112 =     0
  [113]         reg113 =     1
  [114]         reg114 =     0
  [115]         reg115 =     0
  [116]         reg116 =     0
  [117]         reg117 =     0
  [118]         reg118 =     0
  [119]         reg119 =    40
  [120]     sys_enable =     0  → DischgCtrl=Voltage EOD=Voltage GenChg=0
  [121]         reg121 =     0
  [122]         reg122 =     0
  [123]         reg123 =     0
  [124]         reg124 =     0
  [125]         reg125 =    15
  [126]         reg126 =     0
[23:37:12] seq=001 SERVER→DONGLE    READ_HOLD_REQ   reg=127..253 count=127
[23:37:13] seq=001 DONGLE→SERVER    READ_HOLD_RESP  reg=127..253 (127 regs)
  [127]         reg127 =     0
  [128]         reg128 =     0
  [129]         reg129 =     0
  [130]         reg130 =     0
  [131]         reg131 =     0
  [132]         reg132 =     0
  [133]         reg133 =   271
  [134]         reg134 =     0
  [135]         reg135 =     0
  [136]         reg136 =     0
  [137]         reg137 =     0
  [138]         reg138 =     0
  [139]         reg139 =     0
  [140]         reg140 =     0
  [141]         reg141 =     0
  [142]         reg142 =     0
  [143]         reg143 =     0
  [144]         reg144 =   560
  [145]         reg145 =     0
  [146]         reg146 =     0
  [147]         reg147 =   100
  [148]         reg148 =   512
  [149]         reg149 =   568
  [150]         reg150 =    30
  [151]         reg151 =     0
  [152]         reg152 =     0
  [153]         reg153 =     0
  [154]         reg154 =     0
  [155]         reg155 =     0
  [156]         reg156 =     0
  [157]         reg157 =     0
  [158]         reg158 =   464
  [159]         reg159 =   542
  [160]         reg160 =    20
  [161]         reg161 =   100
  [162]         reg162 =   503
  [163]         reg163 =     0
  [164]         reg164 =    20
  [165]         reg165 =     0
  [166]         reg166 =     0
  [167]         reg167 =     0
  [168]         reg168 =     0
  [169]         reg169 =   510
  [170]         reg170 =     0
  [171]         reg171 =     0
  [172]         reg172 =     0
  [173]         reg173 =     0
  [174]         reg174 =     0
  [175]         reg175 =     0
  [176]         reg176 =    80
  [177]         reg177 =  7370
  [178]         reg178 = 51657
  [179]         reg179 =     0
  [180]         reg180 =   100
  [181]         reg181 =     0
  [182]         reg182 =     0
  [183]         reg183 =     0
  [184]         reg184 =     0
  [185]         reg185 =     0
  [186]         reg186 =     0
  [187]         reg187 =     0
  [188]         reg188 =     0
  [189]         reg189 =     0
  [190]         reg190 =     0
  [191]         reg191 =     0
  [192]         reg192 =     0
  [193]         reg193 =     0
  [194]         reg194 =   464
  [195]         reg195 =   480
  [196]         reg196 =    20
  [197]         reg197 =   100
  [198]         reg198 =    30
  [199]         reg199 =     0
  [200]         reg200 =     0
  [201]         reg201 =   595
  [202]         reg202 =     0
  [203]         reg203 =     0
  [204]         reg204 =   100
  [205]         reg205 =     0
  [206]         reg206 =     0
  [207]         reg207 =     0
  [208]         reg208 =     0
  [209]         reg209 =     0
  [210]         reg210 =     0
  [211]         reg211 =     0
  [212]         reg212 =     0
  [213]         reg213 =   540
  [214]         reg214 =   480
  [215]         reg215 =    90
  [216]         reg216 =    60
  [217]         reg217 =     5
  [218]         reg218 =     0
  [219]         reg219 =     0
  [220]         reg220 =    50
  [221]         reg221 =    90
  [222]         reg222 =   500
  [223]         reg223 =   540
  [224]         reg224 =     0
  [225]         reg225 =     0
  [226]         reg226 =     0
  [227]         reg227 =   101
  [228]         reg228 =   595
  [229]         reg229 =   360
  [230]         reg230 =     0
  [231]         reg231 =     0
  [232]         reg232 =     0
  [233]         reg233 =     0
  [234]         reg234 =     0
  [235]         reg235 =     0
  [236]         reg236 =     0
  [237]         reg237 =     0
  [238]         reg238 =     0
  [239]         reg239 =     0
  [240]         reg240 =     0
  [241]         reg241 =     0
  [242]         reg242 =     0
  [243]         reg243 =     0
  [244]         reg244 =     0
  [245]         reg245 =     0
  [246]         reg246 =     0
  [247]         reg247 =     0
  [248]         reg248 =     0
  [249]         reg249 =     0
  [250]         reg250 =     0
  [251]         reg251 =     0
  [252]         reg252 =     0
  [253]         reg253 =    10
[23:37:15] seq=001 SERVER→DONGLE    READ_HOLD_REQ   reg=240..366 count=127
[23:37:16] seq=001 DONGLE→SERVER    READ_HOLD_RESP  reg=240..366 (127 regs)
  [240]         reg240 =     0
  [241]         reg241 =     0
  [242]         reg242 =     0
  [243]         reg243 =     0
  [244]         reg244 =     0
  [245]         reg245 =     0
  [246]         reg246 =     0
  [247]         reg247 =     0
  [248]         reg248 =     0
  [249]         reg249 =     0
  [250]         reg250 =     0
  [251]         reg251 =     0
  [252]         reg252 =     0
  [253]         reg253 =    10
  [254]         reg254 =    30
  [255]         reg255 =     0
  [256]         reg256 =     0
  [257]         reg257 = 15127
  [258]         reg258 =     0
  [259]         reg259 =     0
  [260]         reg260 =     0
  [261]         reg261 =     0
  [262]         reg262 =     0
  [263]         reg263 =     0
  [264]         reg264 =     0
  [265]         reg265 =     0
  [266]         reg266 =     0
  [267]         reg267 =     0
  [268]         reg268 =     0
  [269]         reg269 =     0
  [270]         reg270 =     0
  [271]         reg271 =     0
  [272]         reg272 =     0
  [273]         reg273 =     0
  [274]         reg274 =     0
  [275]         reg275 =     0
  [276]         reg276 =     0
  [277]         reg277 =     0
  [278]         reg278 =     0
  [279]         reg279 =     0
  [280]         reg280 =     0
  [281]         reg281 =     0
  [282]         reg282 =     0
  [283]         reg283 =     0
  [284]         reg284 =     0
  [285]         reg285 =     0
  [286]         reg286 =     0
  [287]         reg287 =     0
  [288]         reg288 =     0
  [289]         reg289 =     0
  [290]         reg290 =     0
  [291]         reg291 =     0
  [292]         reg292 =     0
  [293]         reg293 =     0
  [294]         reg294 =     0
  [295]         reg295 =     0
  [296]         reg296 =     0
  [297]         reg297 =     0
  [298]         reg298 =     0
  [299]         reg299 =     0
  [300]         reg300 =     0
  [301]         reg301 =     0
  [302]         reg302 =     0
  [303]         reg303 =     0
  [304]         reg304 =     0
  [305]         reg305 =     0
  [306]         reg306 =     0
  [307]         reg307 =     0
  [308]         reg308 =     0
  [309]         reg309 =     0
  [310]         reg310 =     0
  [311]         reg311 =     0
  [312]         reg312 =     0
  [313]         reg313 =     0
  [314]         reg314 =     0
  [315]         reg315 =     0
  [316]         reg316 =     0
  [317]         reg317 =     0
  [318]         reg318 =     0
  [319]         reg319 =     0
  [320]         reg320 =     0
  [321]         reg321 =     0
  [322]         reg322 =     0
  [323]         reg323 =     0
  [324]         reg324 =     0
  [325]         reg325 =     0
  [326]         reg326 =     0
  [327]         reg327 =     0
  [328]         reg328 =     0
  [329]         reg329 =     0
  [330]         reg330 =     0
  [331]         reg331 =     0
  [332]         reg332 =     0
  [333]         reg333 =     0
  [334]         reg334 =     0
  [335]         reg335 =     0
  [336]         reg336 =     0
  [337]         reg337 =     0
  [338]         reg338 =     0
  [339]         reg339 =     0
  [340]         reg340 =     0
  [341]         reg341 =     0
  [342]         reg342 =     0
  [343]         reg343 =     0
  [344]         reg344 =     0
  [345]         reg345 =     0
  [346]         reg346 =     0
  [347]         reg347 =     0
  [348]         reg348 =     0
  [349]         reg349 =     0
  [350]         reg350 =     0
  [351]         reg351 =     0
  [352]         reg352 =     0
  [353]         reg353 =     0
  [354]         reg354 =     0
  [355]         reg355 =     0
  [356]         reg356 =     0
  [357]         reg357 =     0
  [358]         reg358 =     0
  [359]         reg359 =     0
  [360]         reg360 =     0
  [361]         reg361 =     0
  [362]         reg362 =     0
  [363]         reg363 =     0
  [364]         reg364 =     0
  [365]         reg365 =     0
  [366]         reg366 =     0
[23:37:21] seq=001 DONGLE→SERVER    READ_INPUT_RESP reg=0..39 (40 regs)
        RAW: 100075000000f210260262000000000000000000000011004409000001748f1300002b00960000004c0910326a109313000000000000b1000800050000000700070002000200000000002000d2104a0f
[23:37:22] seq=001 DONGLE→SERVER    READ_INPUT_RESP reg=40..79 (40 regs)
        RAW: 4a9f0000bf5b0000000000008ea80000300c0000ac7800006c5100007d0300009d000000e56800000000000000020008270024002800260000000bfea906000000000000000000000000200000000000
[23:37:41] seq=001 DONGLE→SERVER    READ_INPUT_RESP reg=0..39 (40 regs)
        RAW: 100076006600001129026200000000000000000000001100580900000174931300002b008c000000570910326a109313000000000000a2000800050000000700070002000200000000002000d810610f
[23:37:42] seq=001 DONGLE→SERVER    READ_INPUT_RESP reg=40..79 (40 regs)
        RAW: 4a9f0000bf5b0000000000008ea80000300c0000ac7800006c5100007d0300009d000000e56800000000000000020008270024002800260000001ffea906000000000000000000000000200000000000
[23:38:01] seq=001 DONGLE→SERVER    READ_INPUT_RESP reg=0..39 (40 regs)
        RAW: 100077006600f11033025f00000000000000000000001200520900000174931300002a00780000005d0910326a1092130000000000009d000800050000000700070002000200000000002000f510a80f
[23:38:02] seq=001 DONGLE→SERVER    READ_INPUT_RESP reg=40..79 (40 regs)
        RAW: 4a9f0000bf5b0000000000008ea80000300c0000ac7800006c5100007d0300009d000000e568000000000000000200082700240028002600000034fea906000000000000000000000000200000000000
[23:38:21] seq=001 DONGLE→SERVER    READ_INPUT_RESP reg=0..39 (40 regs)
        RAW: 100077006600e01029025f000000000000000000000013005b0900000174961300002900780000005e0910326a1094130000000000009e000800050000000700070002000200000000002000d110620f
[23:38:22] seq=001 DONGLE→SERVER    READ_INPUT_RESP reg=40..79 (40 regs)
        RAW: 4a9f0000bf5b0000000000008ea80000300c0000ac7800006c5100007d0300009d000000e568000000000000000200082700240028002600000048fea906000000000000000000000000200000000000
[23:38:41] seq=001 DONGLE→SERVER    READ_INPUT_RESP reg=0..39 (40 regs)
        RAW: 100078006600ff1036025f000000000000000000020000006809000001749a1300003f00780000006c0910326a109513000000000000bf000800050000000700070002000200000000002000fb10c00f
[23:38:42] seq=001 DONGLE→SERVER    READ_INPUT_RESP reg=40..79 (40 regs)
        RAW: 4a9f0000bf5b0000000000008ea80000300c0000ac7800006c5100007d0300009d000000e56800000000000000020008270024002800260000005bfea906000000000000000000000000200000000000
[23:38:51] seq=001 SERVER→DONGLE    READ_HOLD_REQ   reg=0..126 count=127
[23:38:52] seq=001 DONGLE→SERVER    READ_HOLD_RESP  reg=0..126 (127 regs)
  [  0]     hold_model =  1408  → Not Set / Standard Battery (raw=0x0580)
  [  1]           reg1 =     1
  [  2]           reg2 = 12594
  [  3]           reg3 = 13113
  [  4]           reg4 = 13104
  [  5]           reg5 = 12344
  [  6]           reg6 = 12595
  [  7]           reg7 = 16995
  [  8]           reg8 = 24929
  [  9]           reg9 = 36402
  [ 10]          reg10 =   406
  [ 11]          reg11 =     0
  [ 12]          reg12 =   794
  [ 13]          reg13 =  5909
  [ 14]    uptime_tick = 12838
  [ 15]          reg15 =     1
  [ 16]          reg16 =     1
  [ 17]          reg17 =     0
  [ 18]          reg18 =     0
  [ 19]          reg19 =     6
  [ 20]          reg20 =     4
  [ 21]        func_en = 18177
  [ 22]          reg22 =    65
  [ 23]          reg23 =    30
  [ 24]          reg24 =    60
  [ 25]          reg25 =  1955
  [ 26]          reg26 =  2530
  [ 27]          reg27 =  4700
  [ 28]          reg28 =  5050
  [ 29]          reg29 =  1955
  [ 30]          reg30 =  2530
  [ 31]          reg31 =   500
  [ 32]          reg32 =  2000
  [ 33]          reg33 =  1150
  [ 34]          reg34 =  2645
  [ 35]          reg35 =    10
  [ 36]          reg36 =   100
  [ 37]          reg37 =     0
  [ 38]          reg38 =  2760
  [ 39]          reg39 =     0
  [ 40]          reg40 =     8
  [ 41]          reg41 =     0
  [ 42]          reg42 =  4700
  [ 43]          reg43 =  5200
  [ 44]          reg44 =    10
  [ 45]          reg45 =   215
  [ 46]          reg46 =     0
  [ 47]          reg47 =     0
  [ 48]          reg48 =     0
  [ 49]          reg49 =     0
  [ 50]          reg50 =     0
  [ 51]          reg51 =     0
  [ 52]          reg52 =     0
  [ 53]          reg53 =     0
  [ 54]          reg54 =     0
  [ 55]          reg55 =     0
  [ 56]          reg56 =     0
  [ 57]          reg57 =     0
  [ 58]          reg58 =     0
  [ 59]          reg59 =     0
  [ 60]          reg60 =   100
  [ 61]          reg61 =     0
  [ 62]          reg62 =  1000
  [ 63]          reg63 =   100
  [ 64]    charge_pwr% =   100  100.0%
  [ 65]    dischg_pwr% =   100  100.0%
  [ 66]          reg66 =   100
  [ 67]          reg67 =     0
  [ 68]          reg68 =     0
  [ 69]          reg69 =     0
  [ 70]          reg70 =     0
  [ 71]          reg71 =     0
  [ 72]          reg72 =     0
  [ 73]          reg73 =     0
  [ 74]          reg74 =     0
  [ 75]          reg75 =   101
  [ 76]          reg76 =     0
  [ 77]          reg77 =     0
  [ 78]          reg78 =     0
  [ 79]          reg79 =     0
  [ 80]          reg80 =     0
  [ 81]          reg81 =     0
  [ 82]          reg82 =     0
  [ 83]          reg83 =     0
  [ 84]          reg84 =     0
  [ 85]          reg85 =     0
  [ 86]          reg86 =     0
  [ 87]          reg87 =     0
  [ 88]          reg88 =     0
  [ 89]          reg89 =     0
  [ 90]          reg90 =   230
  [ 91]          reg91 =    50
  [ 92]          reg92 =     0
  [ 93]          reg93 =     0
  [ 94]          reg94 =     0
  [ 95]          reg95 =     0
  [ 96]          reg96 =     0
  [ 97]          reg97 =     0
  [ 98]          reg98 =     0
  [ 99]    la_chg_volt =   566  56.6V
  [100]         reg100 =   503
  [101]    charge_rate =    20  20.0A
  [102]    dischg_rate =    30  30.0A
  [103]         reg103 =     0
  [104]         reg104 =     0
  [105]        eod_soc =    20  20.0%
  [106]         reg106 = 65336
  [107]         reg107 =   550
  [108]         reg108 =     0
  [109]         reg109 =   400
  [110]         reg110 = 17537
  [111]         reg111 =     0
  [112]         reg112 =     0
  [113]         reg113 =     1
  [114]         reg114 =     0
  [115]         reg115 =     0
  [116]         reg116 =     0
  [117]         reg117 =     0
  [118]         reg118 =     0
  [119]         reg119 =    40
  [120]     sys_enable =     0  → DischgCtrl=Voltage EOD=Voltage GenChg=0
  [121]         reg121 =     0
  [122]         reg122 =     0
  [123]         reg123 =     0
  [124]         reg124 =     0
  [125]         reg125 =    15
  [126]         reg126 =     0
[23:38:53] seq=001 SERVER→DONGLE    READ_HOLD_REQ   reg=127..253 count=127
[23:38:54] seq=001 DONGLE→SERVER    READ_HOLD_RESP  reg=127..253 (127 regs)
  [127]         reg127 =     0
  [128]         reg128 =     0
  [129]         reg129 =     0
  [130]         reg130 =     0
  [131]         reg131 =     0
  [132]         reg132 =     0
  [133]         reg133 =   271
  [134]         reg134 =     0
  [135]         reg135 =     0
  [136]         reg136 =     0
  [137]         reg137 =     0
  [138]         reg138 =     0
  [139]         reg139 =     0
  [140]         reg140 =     0
  [141]         reg141 =     0
  [142]         reg142 =     0
  [143]         reg143 =     0
  [144]         reg144 =   560
  [145]         reg145 =     0
  [146]         reg146 =     0
  [147]         reg147 =   100
  [148]         reg148 =   512
  [149]         reg149 =   568
  [150]         reg150 =    30
  [151]         reg151 =     0
  [152]         reg152 =     0
  [153]         reg153 =     0
  [154]         reg154 =     0
  [155]         reg155 =     0
  [156]         reg156 =     0
  [157]         reg157 =     0
  [158]         reg158 =   464
  [159]         reg159 =   542
  [160]         reg160 =    20
  [161]         reg161 =   100
  [162]         reg162 =   503
  [163]         reg163 =     0
  [164]         reg164 =    20
  [165]         reg165 =     0
  [166]         reg166 =     0
  [167]         reg167 =     0
  [168]         reg168 =     0
  [169]         reg169 =   510
  [170]         reg170 =     0
  [171]         reg171 =     0
  [172]         reg172 =     0
  [173]         reg173 =     0
  [174]         reg174 =     0
  [175]         reg175 =     0
  [176]         reg176 =    80
  [177]         reg177 =  7370
  [178]         reg178 = 51657
  [179]         reg179 =     0
  [180]         reg180 =   100
  [181]         reg181 =     0
  [182]         reg182 =     0
  [183]         reg183 =     0
  [184]         reg184 =     0
  [185]         reg185 =     0
  [186]         reg186 =     0
  [187]         reg187 =     0
  [188]         reg188 =     0
  [189]         reg189 =     0
  [190]         reg190 =     0
  [191]         reg191 =     0
  [192]         reg192 =     0
  [193]         reg193 =     0
  [194]         reg194 =   464
  [195]         reg195 =   480
  [196]         reg196 =    20
  [197]         reg197 =   100
  [198]         reg198 =    30
  [199]         reg199 =     0
  [200]         reg200 =     0
  [201]         reg201 =   595
  [202]         reg202 =     0
  [203]         reg203 =     0
  [204]         reg204 =   100
  [205]         reg205 =     0
  [206]         reg206 =     0
  [207]         reg207 =     0
  [208]         reg208 =     0
  [209]         reg209 =     0
  [210]         reg210 =     0
  [211]         reg211 =     0
  [212]         reg212 =     0
  [213]         reg213 =   540
  [214]         reg214 =   480
  [215]         reg215 =    90
  [216]         reg216 =    60
  [217]         reg217 =     5
  [218]         reg218 =     0
  [219]         reg219 =     0
  [220]         reg220 =    50
  [221]         reg221 =    90
  [222]         reg222 =   500
  [223]         reg223 =   540
  [224]         reg224 =     0
  [225]         reg225 =     0
  [226]         reg226 =     0
  [227]         reg227 =   101
  [228]         reg228 =   595
  [229]         reg229 =   360
  [230]         reg230 =     0
  [231]         reg231 =     0
  [232]         reg232 =     0
  [233]         reg233 =     0
  [234]         reg234 =     0
  [235]         reg235 =     0
  [236]         reg236 =     0
  [237]         reg237 =     0
  [238]         reg238 =     0
  [239]         reg239 =     0
  [240]         reg240 =     0
  [241]         reg241 =     0
  [242]         reg242 =     0
  [243]         reg243 =     0
  [244]         reg244 =     0
  [245]         reg245 =     0
  [246]         reg246 =     0
  [247]         reg247 =     0
  [248]         reg248 =     0
  [249]         reg249 =     0
  [250]         reg250 =     0
  [251]         reg251 =     0
  [252]         reg252 =     0
  [253]         reg253 =    10
[23:38:56] seq=001 SERVER→DONGLE    READ_HOLD_REQ   reg=240..366 count=127
[23:38:57] seq=001 DONGLE→SERVER    READ_HOLD_RESP  reg=240..366 (127 regs)
  [240]         reg240 =     0
  [241]         reg241 =     0
  [242]         reg242 =     0
  [243]         reg243 =     0
  [244]         reg244 =     0
  [245]         reg245 =     0
  [246]         reg246 =     0
  [247]         reg247 =     0
  [248]         reg248 =     0
  [249]         reg249 =     0
  [250]         reg250 =     0
  [251]         reg251 =     0
  [252]         reg252 =     0
  [253]         reg253 =    10
  [254]         reg254 =    30
  [255]         reg255 =     0
  [256]         reg256 =     0
  [257]         reg257 = 15127
  [258]         reg258 =     0
  [259]         reg259 =     0
  [260]         reg260 =     0
  [261]         reg261 =     0
  [262]         reg262 =     0
  [263]         reg263 =     0
  [264]         reg264 =     0
  [265]         reg265 =     0
  [266]         reg266 =     0
  [267]         reg267 =     0
  [268]         reg268 =     0
  [269]         reg269 =     0
  [270]         reg270 =     0
  [271]         reg271 =     0
  [272]         reg272 =     0
  [273]         reg273 =     0
  [274]         reg274 =     0
  [275]         reg275 =     0
  [276]         reg276 =     0
  [277]         reg277 =     0
  [278]         reg278 =     0
  [279]         reg279 =     0
  [280]         reg280 =     0
  [281]         reg281 =     0
  [282]         reg282 =     0
  [283]         reg283 =     0
  [284]         reg284 =     0
  [285]         reg285 =     0
  [286]         reg286 =     0
  [287]         reg287 =     0
  [288]         reg288 =     0
  [289]         reg289 =     0
  [290]         reg290 =     0
  [291]         reg291 =     0
  [292]         reg292 =     0
  [293]         reg293 =     0
  [294]         reg294 =     0
  [295]         reg295 =     0
  [296]         reg296 =     0
  [297]         reg297 =     0
  [298]         reg298 =     0
  [299]         reg299 =     0
  [300]         reg300 =     0
  [301]         reg301 =     0
  [302]         reg302 =     0
  [303]         reg303 =     0
  [304]         reg304 =     0
  [305]         reg305 =     0
  [306]         reg306 =     0
  [307]         reg307 =     0
  [308]         reg308 =     0
  [309]         reg309 =     0
  [310]         reg310 =     0
  [311]         reg311 =     0
  [312]         reg312 =     0
  [313]         reg313 =     0
  [314]         reg314 =     0
  [315]         reg315 =     0
  [316]         reg316 =     0
  [317]         reg317 =     0
  [318]         reg318 =     0
  [319]         reg319 =     0
  [320]         reg320 =     0
  [321]         reg321 =     0
  [322]         reg322 =     0
  [323]         reg323 =     0
  [324]         reg324 =     0
  [325]         reg325 =     0
  [326]         reg326 =     0
  [327]         reg327 =     0
  [328]         reg328 =     0
  [329]         reg329 =     0
  [330]         reg330 =     0
  [331]         reg331 =     0
  [332]         reg332 =     0
  [333]         reg333 =     0
  [334]         reg334 =     0
  [335]         reg335 =     0
  [336]         reg336 =     0
  [337]         reg337 =     0
  [338]         reg338 =     0
  [339]         reg339 =     0
  [340]         reg340 =     0
  [341]         reg341 =     0
  [342]         reg342 =     0
  [343]         reg343 =     0
  [344]         reg344 =     0
  [345]         reg345 =     0
  [346]         reg346 =     0
  [347]         reg347 =     0
  [348]         reg348 =     0
  [349]         reg349 =     0
  [350]         reg350 =     0
  [351]         reg351 =     0
  [352]         reg352 =     0
  [353]         reg353 =     0
  [354]         reg354 =     0
  [355]         reg355 =     0
  [356]         reg356 =     0
  [357]         reg357 =     0
  [358]         reg358 =     0
  [359]         reg359 =     0
  [360]         reg360 =     0
  [361]         reg361 =     0
  [362]         reg362 =     0
  [363]         reg363 =     0
  [364]         reg364 =     0
  [365]         reg365 =     0
  [366]         reg366 =     0
[23:39:01] seq=001 DONGLE→SERVER    READ_INPUT_RESP reg=0..39 (40 regs)
        RAW: 100078006600fe102b025f000000000000000000020000007009000001749b130000400096000000740910326a109e13000000000000b4000800050000000700070002000200000000002000cf10700f
[23:39:02] seq=001 DONGLE→SERVER    READ_INPUT_RESP reg=40..79 (40 regs)
        RAW: 4a9f0000bf5b0000000000008ea80000300c0000ac7800006c5100007d0300009d000000e56800000000000000020008270024002800260000006ffea906000000000000000000000000200000000000
[23:39:21] seq=001 DONGLE→SERVER    READ_INPUT_RESP reg=0..39 (40 regs)
        RAW: 100079006700e010290260000000000000000000000010006809000001749a1300002c00a0000000700910326a109913000000000000a2000800050000000700070002000200000000002000d310640f
[23:39:22] seq=001 DONGLE→SERVER    READ_INPUT_RESP reg=40..79 (40 regs)
        RAW: 4a9f0000bf5b0000000000008ea80000300c0000ac7800006c5100007d0300009d000000e568000000000000000200082700240028002600000083fea906000000000000000000000000200000000000
[23:39:41] seq=001 DONGLE→SERVER    READ_INPUT_RESP reg=0..39 (40 regs)
        RAW: 100079006700f610240261000000000000000000000012006f09000001749c1300002a0078000000760910326a109a13000000000000a1000800050000000700070002000200000000002000d0103e0f
[23:39:42] seq=001 DONGLE→SERVER    READ_INPUT_RESP reg=40..79 (40 regs)
        RAW: 4a9f0000bf5b0000000000008ea80000300c0000ac7800006c5100007d0300009d000000e568000000000000000200082700240028002600000097fea906000000000000000000000000200000000000
[23:39:57] seq=001 DONGLE→SERVER    READ_INPUT_RESP reg=0..126 (127 regs)
        RAW: 100079006700de10380260000000000000000000000009006b09000001749c1300003300780000006f0910326a109f13000000000000bf000800050000000700070002000200000000002000fd10cc0f4a9f0000bf5b0000000000008ea80000300c0000ac7800006c5100007d0300009d000000e5680000000000000002000827002400280026000000a7fea9060000000000000000000000002000000000000504a6002c0130022c01000000000000000000007133bfab0e03f0608500030000006400000000000000000000000000000038020000380200000000000000000000040100003231393330333830333100000000000011c30009c1ec1424
[23:39:58] seq=001 DONGLE→SERVER    READ_INPUT_RESP reg=127..253 (127 regs)
        RAW: 00000000000000000000000000000000347c280003bc330000000000000000000000000000000000000000000000000000000000000000000000000000000000000000000000000000000000000000000000000000008b0000000000000000810000000000000000000000000000000000000000000000000000000000000000000000000000000000000000000000000000000000000000000000000000000000000000000000008a00000000000000000000000000000000000000000000000000000000000000000000000000000000000000000039ae1600000000000000000000000000000000000000000000000000000000000000000000000000
[23:39:59] seq=001 DONGLE→SERVER    READ_INPUT_RESP reg=254..380 (127 regs)
        RAW: 0000000000000000000000000000000000000000000000000000000000000000000000000000000000000000000000000000000000000000000000000000000000000000000000000000000000000000000000000000000000000000000000000000000000000000000000000000000000000000000000000000000000000000000000000000000000000000000000000000000000000000000000000000000000000000000000000000000000000000000000000000000000000000000000000000000000000000000000000000000000000000000000000000000000000000000000000000000000000000000000000000000000000000000000000000
[23:40:01] seq=001 DONGLE→SERVER    READ_INPUT_RESP reg=0..39 (40 regs)
        RAW: 100079006700ff10350260000000000000000000000019006f09000001749a130000230096000000760910326a109913000000000000b1000800050000000700070002000200000000002000fa10ba0f
[23:40:02] seq=001 DONGLE→SERVER    READ_INPUT_RESP reg=40..79 (40 regs)
        RAW: 4a9f0000bf5b0000000000008ea80000300c0000ac7800006c5100007d0300009d000000e5680000000000000002000827002400280026000000abfea906000000000000000000000000200000000000
[23:40:21] seq=001 DONGLE→SERVER    READ_INPUT_RESP reg=0..39 (40 regs)
        RAW: 100078006800e4102a0260000000000000000000000004006509000001749b130000380096000000690910326a109c13000000000000b9000800050000000700070002000200000000002000d210670f
[23:40:22] seq=001 DONGLE→SERVER    READ_INPUT_RESP reg=40..79 (40 regs)
        RAW: 4a9f0000bf5b0000000000008ea80000300c0000ac7800006c5100007d0300009d000000e5680000000000000002000827002400280026000000c0fea906000000000000000000000000200000000000
[23:40:41] seq=001 DONGLE→SERVER    READ_INPUT_RESP reg=0..39 (40 regs)
        RAW: 100079006900f910230260000000000000000000030000006909000001749c130000400078000000730910326a109813000000000000c3000800050000000700070002000200000000002000d1103c0f
[23:40:42] seq=001 DONGLE→SERVER    READ_INPUT_RESP reg=40..79 (40 regs)
        RAW: 4a9f0000bf5b0000000000008ea80000300c0000ac7800006c5100007d0300009d000000e5680000000000000002000827002400280026000000d3fea906000000000000000000000000200000000000
[23:41:01] seq=001 DONGLE→SERVER    READ_INPUT_RESP reg=0..39 (40 regs)
        RAW: 100078006800e41037026000000000000000000000001300650900000174a61300002900780000006f0910326a109d13000000000000a3000800050000000700070002000200000000002000fd10c80f
[23:41:02] seq=001 DONGLE→SERVER    READ_INPUT_RESP reg=40..79 (40 regs)
        RAW: 4a9f0000bf5b0000000000008ea80000300c0000ac7800006c5100007d0300009d000000e5680000000000000002000827002400280026000000e7fea906000000000000000000000000200000000000
[23:41:21] seq=001 DONGLE→SERVER    READ_INPUT_RESP reg=0..39 (40 regs)
        RAW: 100078006800df10290261000000000000000000000012005f0900000174a01300002a00a0000000660910326a109b13000000000000a3000800050000000700070002000200000000002000d310620f
[23:41:22] seq=001 DONGLE→SERVER    READ_INPUT_RESP reg=40..79 (40 regs)
        RAW: 4a9f0000bf5b0000000000008ea80000300c0000ac7800006c5100007d0300009d000000e5680000000000000002000827002400280026000000fbfea906000000000000000000000000200000000000
[23:41:41] seq=001 DONGLE→SERVER    READ_INPUT_RESP reg=0..39 (40 regs)
        RAW: 100079006800f51033026000000000000000000000000b006a09000001749b1300003100780000006b0910326a109a13000000000000af000800050000000700070002000200000000002000f810a90f
[23:41:42] seq=001 DONGLE→SERVER    READ_INPUT_RESP reg=40..79 (40 regs)
        RAW: 4a9f0000bf5b0000000000008ea80000300c0000ac7800006c5100007d0300009d000000e56800000000000000020008270024002800260000000fffa906000000000000000000000000200000000000
[23:42:01] seq=001 DONGLE→SERVER    READ_INPUT_RESP reg=0..39 (40 regs)
        RAW: 10007a006800e7102b0260000000000000000000000003004809000001749a1300003800960000004f0910326a109f13000000000000aa000800050000000700070002000200000000002000d7106f0f
[23:42:02] seq=001 DONGLE→SERVER    READ_INPUT_RESP reg=40..79 (40 regs)
        RAW: 4a9f0000bf5b0000000000008ea80000300c0000ac7800006c5100007d0300009d000000e568000000000000000200082700240028002600000023ffa906000000000000000000000000200000000000
[23:42:21] seq=001 DONGLE→SERVER    READ_INPUT_RESP reg=0..39 (40 regs)
        RAW: 10007a006900eb10270260000000000000000000000013004709000001749a1300002900960000004b0910326a109f13000000000000a2000800050000000700070002000200000000002000d110540f
[23:42:22] seq=001 DONGLE→SERVER    READ_INPUT_RESP reg=40..79 (40 regs)
        RAW: 4a9f0000bf5b0000000000008ea80000300c0000ac7800006c5100007d0300009d000000e568000000000000000200082700240028002600000037ffa906000000000000000000000000200000000000
[23:42:41] seq=001 DONGLE→SERVER    READ_INPUT_RESP reg=0..39 (40 regs)
        RAW: 100079006800e510320260000000000000000000000012004f09000001749f1300002a0078000000510910326a109c13000000000000a0000800050000000700070002000200000000002000f710a50f
[23:42:42] seq=001 DONGLE→SERVER    READ_INPUT_RESP reg=40..79 (40 regs)
        RAW: 4a9f0000bf5b0000000000008ea80000300c0000ac7800006c5100007d0300009d000000e56800000000000000020008270024002800260000004bffa906000000000000000000000000200000000000
[23:42:57] seq=001 DONGLE→SERVER    READ_INPUT_RESP reg=0..126 (127 regs)
        RAW: 100079006800ea10390261000000000000000000000010004809000001749f1300002c008c0000005b0910326a109f13000000000000b0000800050000000700070002000200000000002000f910d20f4a9f0000bf5b0000000000008ea80000300c0000ac7800006c5100007d0300009d000000e56800000000000000020008270024002800260000005bffa906000000000000000000000000200000000000050413002c0130022c01000000000000000000007133bfab0e03f06085000300000064000000000000000000000000000000390200003902000000000000000000000401000032313933303338303331000000000000c5c30009c1ec1424
[23:42:58] seq=001 DONGLE→SERVER    READ_INPUT_RESP reg=127..253 (127 regs)
        RAW: 00000000000000000000000000000000347c280003bc33000000000000000000000000000000000000000000000000000000000000000000000000000000000000000000000000000000000000000000000000000000820000000000000000810000000000000000000000000000000000000000000000000000000000000000000000000000000000000000000000000000000000000000000000000000000000000000000000008300000000000000000000000000000000000000000000000000000000000000000000000000000000000000000039ae1600000000000000000000000000000000000000000000000000000000000000000000000000
[23:42:59] seq=001 DONGLE→SERVER    READ_INPUT_RESP reg=254..380 (127 regs)
        RAW: 0000000000000000000000000000000000000000000000000000000000000000000000000000000000000000000000000000000000000000000000000000000000000000000000000000000000000000000000000000000000000000000000000000000000000000000000000000000000000000000000000000000000000000000000000000000000000000000000000000000000000000000000000000000000000000000000000000000000000000000000000000000000000000000000000000000000000000000000000000000000000000000000000000000000000000000000000000000000000000000000000000000000000000000000000000
[23:43:01] seq=001 DONGLE→SERVER    READ_INPUT_RESP reg=0..39 (40 regs)
        RAW: 100079006800fc1028026100000000000000000000001d005309000001749a13000020008c0000005d0910326a1099130000000000009a000800050000000700070002000200000000002000d610580f
[23:43:02] seq=001 DONGLE→SERVER    READ_INPUT_RESP reg=40..79 (40 regs)
        RAW: 4a9f0000bf5b0000000000008ea80000300c0000ac7800006c5100007d0300009d000000e56800000000000000020008270024002800260000005fffa906000000000000000000000000200000000000
[23:43:12] seq=001 SERVER→DONGLE    READ_HOLD_REQ   reg=0..126 count=127
[23:43:13] seq=001 DONGLE→SERVER    READ_HOLD_RESP  reg=0..126 (127 regs)
  [  0]     hold_model =  1408  → Not Set / Standard Battery (raw=0x0580)
  [  1]           reg1 =     1
  [  2]           reg2 = 12594
  [  3]           reg3 = 13113
  [  4]           reg4 = 13104
  [  5]           reg5 = 12344
  [  6]           reg6 = 12595
  [  7]           reg7 = 16995
  [  8]           reg8 = 24929
  [  9]           reg9 = 36402
  [ 10]          reg10 =   406
  [ 11]          reg11 =     0
  [ 12]          reg12 =   794
  [ 13]          reg13 =  5909
  [ 14]    uptime_tick =  2859
  [ 15]          reg15 =     1
  [ 16]          reg16 =     1
  [ 17]          reg17 =     0
  [ 18]          reg18 =     0
  [ 19]          reg19 =     6
  [ 20]          reg20 =     4
  [ 21]        func_en = 18177
  [ 22]          reg22 =    65
  [ 23]          reg23 =    30
  [ 24]          reg24 =    60
  [ 25]          reg25 =  1955
  [ 26]          reg26 =  2530
  [ 27]          reg27 =  4700
  [ 28]          reg28 =  5050
  [ 29]          reg29 =  1955
  [ 30]          reg30 =  2530
  [ 31]          reg31 =   500
  [ 32]          reg32 =  2000
  [ 33]          reg33 =  1150
  [ 34]          reg34 =  2645
  [ 35]          reg35 =    10
  [ 36]          reg36 =   100
  [ 37]          reg37 =     0
  [ 38]          reg38 =  2760
  [ 39]          reg39 =     0
  [ 40]          reg40 =     8
  [ 41]          reg41 =     0
  [ 42]          reg42 =  4700
  [ 43]          reg43 =  5200
  [ 44]          reg44 =    10
  [ 45]          reg45 =   215
  [ 46]          reg46 =     0
  [ 47]          reg47 =     0
  [ 48]          reg48 =     0
  [ 49]          reg49 =     0
  [ 50]          reg50 =     0
  [ 51]          reg51 =     0
  [ 52]          reg52 =     0
  [ 53]          reg53 =     0
  [ 54]          reg54 =     0
  [ 55]          reg55 =     0
  [ 56]          reg56 =     0
  [ 57]          reg57 =     0
  [ 58]          reg58 =     0
  [ 59]          reg59 =     0
  [ 60]          reg60 =   100
  [ 61]          reg61 =     0
  [ 62]          reg62 =  1000
  [ 63]          reg63 =   100
  [ 64]    charge_pwr% =   100  100.0%
  [ 65]    dischg_pwr% =   100  100.0%
  [ 66]          reg66 =   100
  [ 67]          reg67 =     0
  [ 68]          reg68 =     0
  [ 69]          reg69 =     0
  [ 70]          reg70 =     0
  [ 71]          reg71 =     0
  [ 72]          reg72 =     0
  [ 73]          reg73 =     0
  [ 74]          reg74 =     0
  [ 75]          reg75 =   101
  [ 76]          reg76 =     0
  [ 77]          reg77 =     0
  [ 78]          reg78 =     0
  [ 79]          reg79 =     0
  [ 80]          reg80 =     0
  [ 81]          reg81 =     0
  [ 82]          reg82 =     0
  [ 83]          reg83 =     0
  [ 84]          reg84 =     0
  [ 85]          reg85 =     0
  [ 86]          reg86 =     0
  [ 87]          reg87 =     0
  [ 88]          reg88 =     0
  [ 89]          reg89 =     0
  [ 90]          reg90 =   230
  [ 91]          reg91 =    50
  [ 92]          reg92 =     0
  [ 93]          reg93 =     0
  [ 94]          reg94 =     0
  [ 95]          reg95 =     0
  [ 96]          reg96 =     0
  [ 97]          reg97 =     0
  [ 98]          reg98 =     0
  [ 99]    la_chg_volt =   566  56.6V
  [100]         reg100 =   503
  [101]    charge_rate =    20  20.0A
  [102]    dischg_rate =    30  30.0A
  [103]         reg103 =     0
  [104]         reg104 =     0
  [105]        eod_soc =    20  20.0%
  [106]         reg106 = 65336
  [107]         reg107 =   550
  [108]         reg108 =     0
  [109]         reg109 =   400
  [110]         reg110 = 17537
  [111]         reg111 =     0
  [112]         reg112 =     0
  [113]         reg113 =     1
  [114]         reg114 =     0
  [115]         reg115 =     0
  [116]         reg116 =     0
  [117]         reg117 =     0
  [118]         reg118 =     0
  [119]         reg119 =    40
  [120]     sys_enable =     0  → DischgCtrl=Voltage EOD=Voltage GenChg=0
  [121]         reg121 =     0
  [122]         reg122 =     0
  [123]         reg123 =     0
  [124]         reg124 =     0
  [125]         reg125 =    15
  [126]         reg126 =     0
[23:43:14] seq=001 SERVER→DONGLE    READ_HOLD_REQ   reg=127..253 count=127
[23:43:15] seq=001 DONGLE→SERVER    READ_HOLD_RESP  reg=127..253 (127 regs)
  [127]         reg127 =     0
  [128]         reg128 =     0
  [129]         reg129 =     0
  [130]         reg130 =     0
  [131]         reg131 =     0
  [132]         reg132 =     0
  [133]         reg133 =   271
  [134]         reg134 =     0
  [135]         reg135 =     0
  [136]         reg136 =     0
  [137]         reg137 =     0
  [138]         reg138 =     0
  [139]         reg139 =     0
  [140]         reg140 =     0
  [141]         reg141 =     0
  [142]         reg142 =     0
  [143]         reg143 =     0
  [144]         reg144 =   560
  [145]         reg145 =     0
  [146]         reg146 =     0
  [147]         reg147 =   100
  [148]         reg148 =   512
  [149]         reg149 =   568
  [150]         reg150 =    30
  [151]         reg151 =     0
  [152]         reg152 =     0
  [153]         reg153 =     0
  [154]         reg154 =     0
  [155]         reg155 =     0
  [156]         reg156 =     0
  [157]         reg157 =     0
  [158]         reg158 =   464
  [159]         reg159 =   542
  [160]         reg160 =    20
  [161]         reg161 =   100
  [162]         reg162 =   503
  [163]         reg163 =     0
  [164]         reg164 =    20
  [165]         reg165 =     0
  [166]         reg166 =     0
  [167]         reg167 =     0
  [168]         reg168 =     0
  [169]         reg169 =   510
  [170]         reg170 =     0
  [171]         reg171 =     0
  [172]         reg172 =     0
  [173]         reg173 =     0
  [174]         reg174 =     0
  [175]         reg175 =     0
  [176]         reg176 =    80
  [177]         reg177 =  7370
  [178]         reg178 = 51657
  [179]         reg179 =     0
  [180]         reg180 =   100
  [181]         reg181 =     0
  [182]         reg182 =     0
  [183]         reg183 =     0
  [184]         reg184 =     0
  [185]         reg185 =     0
  [186]         reg186 =     0
  [187]         reg187 =     0
  [188]         reg188 =     0
  [189]         reg189 =     0
  [190]         reg190 =     0
  [191]         reg191 =     0
  [192]         reg192 =     0
  [193]         reg193 =     0
  [194]         reg194 =   464
  [195]         reg195 =   480
  [196]         reg196 =    20
  [197]         reg197 =   100
  [198]         reg198 =    30
  [199]         reg199 =     0
  [200]         reg200 =     0
  [201]         reg201 =   595
  [202]         reg202 =     0
  [203]         reg203 =     0
  [204]         reg204 =   100
  [205]         reg205 =     0
  [206]         reg206 =     0
  [207]         reg207 =     0
  [208]         reg208 =     0
  [209]         reg209 =     0
  [210]         reg210 =     0
  [211]         reg211 =     0
  [212]         reg212 =     0
  [213]         reg213 =   540
  [214]         reg214 =   480
  [215]         reg215 =    90
  [216]         reg216 =    60
  [217]         reg217 =     5
  [218]         reg218 =     0
  [219]         reg219 =     0
  [220]         reg220 =    50
  [221]         reg221 =    90
  [222]         reg222 =   500
  [223]         reg223 =   540
  [224]         reg224 =     0
  [225]         reg225 =     0
  [226]         reg226 =     0
  [227]         reg227 =   101
  [228]         reg228 =   595
  [229]         reg229 =   360
  [230]         reg230 =     0
  [231]         reg231 =     0
  [232]         reg232 =     0
  [233]         reg233 =     0
  [234]         reg234 =     0
  [235]         reg235 =     0
  [236]         reg236 =     0
  [237]         reg237 =     0
  [238]         reg238 =     0
  [239]         reg239 =     0
  [240]         reg240 =     0
  [241]         reg241 =     0
  [242]         reg242 =     0
  [243]         reg243 =     0
  [244]         reg244 =     0
  [245]         reg245 =     0
  [246]         reg246 =     0
  [247]         reg247 =     0
  [248]         reg248 =     0
  [249]         reg249 =     0
  [250]         reg250 =     0
  [251]         reg251 =     0
  [252]         reg252 =     0
  [253]         reg253 =    10
[23:43:21] seq=001 DONGLE→SERVER    READ_INPUT_RESP reg=0..39 (40 regs)
        RAW: 100079006700f81027026100000000000000000000000e005609000001749a1300002d0096000000500910326a109a13000000000000a8000800050000000700070002000200000000002000d210530f
[23:43:22] seq=001 DONGLE→SERVER    READ_INPUT_RESP reg=40..79 (40 regs)
        RAW: 4a9f0000bf5b0000000000008ea80000300c0000ac7800006c5100007d0300009d000000e568000000000000000200082700240028002600000073ffa906000000000000000000000000200000000000
[23:43:41] seq=001 DONGLE→SERVER    READ_INPUT_RESP reg=0..39 (40 regs)
        RAW: 100078006700fd1020026000000000000000000007000000510900000174941300004300960000004d0910326a109613000000000000c7000800050000000700070002000200000000002000d010240f
[23:43:42] seq=001 DONGLE→SERVER    READ_INPUT_RESP reg=40..79 (40 regs)
        RAW: 4a9f0000bf5b0000000000008ea80000300c0000ac7800006c5100007d0300009d000000e568000000000000000200082700240028002600000087ffa906000000000000000000000000200000000000
[23:44:01] seq=001 DONGLE→SERVER    READ_INPUT_RESP reg=0..39 (40 regs)
        RAW: 100078006700fc1029025e00000000000000000000000e00460900000174931300002e00960000004d0910326a109213000000000000a3000800050000000700070002000200000000002000d710600f
[23:44:02] seq=001 DONGLE→SERVER    READ_INPUT_RESP reg=40..79 (40 regs)
        RAW: 4a9f0000bf5b0000000000008ea80000300c0000ac7800006c5100007d0300009d000000e56800000000000000020008270024002800260000009bffa906000000000000000000000000200000000000
[23:44:21] seq=001 DONGLE→SERVER    READ_INPUT_RESP reg=0..39 (40 regs)
        RAW: 100079006700df1036025f000000000000000000000013005b09000001749313000029008c000000620910326a1090130000000000009e000800050000000700070002000200000000002000f710c00f
[23:44:22] seq=001 DONGLE→SERVER    READ_INPUT_RESP reg=40..79 (40 regs)
        RAW: 4a9f0000bf5b0000000000008ea80000300c0000ac7800006c5100007d0300009d000000e5680000000000000002000827002400280026000000afffa906000000000000000000000000200000000000
[23:44:41] seq=001 DONGLE→SERVER    READ_INPUT_RESP reg=0..39 (40 regs)
        RAW: 100079006700e510210260000000000000000000000011004e0900000174901300002b0078000000520910326a109213000000000000a7000800050000000700070002000200000000002000d0102e0f
[23:44:42] seq=001 DONGLE→SERVER    READ_INPUT_RESP reg=40..79 (40 regs)
        RAW: 4a9f0000bf5b0000000000008ea80000300c0000ac7800006c5100007d0300009d000000e5680000000000000002000827002400280026000000c3ffa906000000000000000000000000200000000000
[23:45:01] seq=001 DONGLE→SERVER    READ_INPUT_RESP reg=0..39 (40 regs)
        RAW: 100079006700ed102902610000000000000000000000150052090000017490130000270096000000580910326a1096130000000000009e000800050000000700070002000200000000002000d510600f
[23:45:02] seq=001 DONGLE→SERVER    READ_INPUT_RESP reg=40..79 (40 regs)
        RAW: 4a9f0000bf5b0000000000008ea80000300c0000ac7800006c5100007d0300009d000000e5680000000000000002000827002400280026000000d7ffa906000000000000000000000000200000000000
[23:45:21] seq=001 DONGLE→SERVER    READ_INPUT_RESP reg=0..39 (40 regs)
        RAW: 10007a006700f61029026100000000000000000000001a005009000001748f130000220096000000530910326a1094130000000000009b000800050000000700070002000200000000002000d510610f
[23:45:22] seq=001 DONGLE→SERVER    READ_INPUT_RESP reg=40..79 (40 regs)
        RAW: 4a9f0000bf5b0000000000008ea80000300c0000ac7800006c5100007d0300009d000000e5680000000000000002000827002400280026000000ebffa906000000000000000000000000200000000000
[23:45:32] seq=001 SERVER→DONGLE    READ_HOLD_REQ   reg=0..1 count=2
[23:45:33] seq=001 DONGLE→SERVER    READ_HOLD_RESP  reg=0..1 (2 regs)
  [  0]     hold_model =  1408  → Not Set / Standard Battery (raw=0x0580)
  [  1]           reg1 =     1
[23:45:33] seq=001 SERVER→DONGLE  ★ WRITE_MULTI reg=0..1 count=2
        DATA(BE): 80060100
        → reg0=0x8006 : Lithium / HINA Battery (raw=0x8006)  reg1=0x0100
[23:45:34] seq=001 DONGLE→SERVER  ★ WRITE_MULTI reg=0..1 count=2
        DATA(BE): 2f
[23:45:41] seq=001 DONGLE→SERVER    READ_INPUT_RESP reg=0..39 (40 regs)
        RAW: 10007a006700271000000000000000000000000000001f00480900000174931300001e008c0000005a0910326a109613000000000000940008000500000007000700020002000000000020002310e40e
[23:45:42] seq=001 DONGLE→SERVER    READ_INPUT_RESP reg=40..79 (40 regs)
        RAW: 4a9f0000bf5b0000000000008ea80000300c0000ac7800006c5100007d0300009d000000e5680000000000000002000827002400280026000000ffffa906000000000000000000000000200000000000
[23:45:54] seq=001 SERVER→DONGLE    READ_HOLD_REQ   reg=0..1 count=2
[23:45:55] seq=001 DONGLE→SERVER    READ_HOLD_RESP  reg=0..1 (2 regs)
  [  0]     hold_model =  1664  → Not Set / Standard Battery (raw=0x0680)
  [  1]           reg1 =     1
[23:45:55] seq=001 SERVER→DONGLE  ★ WRITE_MULTI reg=0..1 count=2
        DATA(BE): 80050100
        → reg0=0x8005 : Lead-Acid / HINA Battery (raw=0x8005)  reg1=0x0100
[23:45:56] seq=001 DONGLE→SERVER  ★ WRITE_MULTI reg=0..1 count=2
        DATA(BE): 2f
[23:45:57] seq=001 SERVER→DONGLE  ★ WRITE_SINGLE reg=99(0x63) [la_chg_volt] = 566 = 56.6V
[23:45:57] seq=001 DONGLE→SERVER    READ_INPUT_RESP reg=0..126 (127 regs)
        RAW: 10007b006800181006026000000000000000000000000b004a090000017094130000300078000000570910326a109313000000000000a70008000500000007000700020002000000000020000110690e4a9f0000bf5b0000000000008ea80000300c0000ac7800006c5100007d0300009d000000e56800000000000000020008270024002800260000000f00aa060000000000000000000000002000000000000504c8002c0130022c01000000000000000000007133bfab0e03f0608500030000006400000000000000000000000000000006020000060200000000000000000000040100003231393330333830333100000000000079c40009c1ec1424
[23:45:57] seq=001 DONGLE→SERVER  ★ WRITE_SINGLE reg=99(0x63) [la_chg_volt] = 566 = 56.6V
[23:45:59] seq=001 DONGLE→SERVER    READ_INPUT_RESP reg=127..253 (127 regs)
        RAW: 00000000000000000000000000000000347c280003bc33000000000000000000000000000000000000000000000000000000000000000000000000000000000000000000000000000000000000000000000000000000770000000000000000810000000000000000000000000000000000000000000000000000000000000000000000000000000000000000000000000000000000000000000000000000000000000000000000007700000000000000000000000000000000000000000000000000000000000000000000000000000000000000000039ae1600000000000000000000000000000000000000000000000000000000000000000000000000
[23:46:00] seq=001 DONGLE→SERVER    READ_INPUT_RESP reg=254..380 (127 regs)
        RAW: 0000000000000000000000000000000000000000000000000000000000000000000000000000000000000000000000000000000000000000000000000000000000000000000000000000000000000000000000000000000000000000000000000000000000000000000000000000000000000000000000000000000000000000000000000000000000000000000000000000000000000000000000000000000000000000000000000000000000000000000000000000000000000000000000000000000000000000000000000000000000000000000000000000000000000000000000000000000000000000000000000000000000000000000000000000
[23:46:01] seq=001 DONGLE→SERVER    READ_INPUT_RESP reg=0..39 (40 regs)
        RAW: 10007b006800e01025026000000000000000000002000000560900000170941300003f00a0000000500910326a109713000000000000b4000800050000000700070002000200000000002000d210460f
[23:46:02] seq=001 DONGLE→SERVER    READ_INPUT_RESP reg=40..79 (40 regs)
        RAW: 4a9f0000bf5b0000000000008ea80000300c0000ac7800006c5100007d0300009d000000e56800000000000000020008270024002800260000001300aa06000000000000000000000000200000000000
[23:46:10] seq=001 SERVER→DONGLE    READ_INPUT_REQ  reg=0..126 count=127
[23:46:11] seq=001 DONGLE→SERVER    READ_INPUT_RESP reg=0..126 (127 regs)
        RAW: 10007b006800f01035026000000000000000000000000a005309000001709a13000032008c0000005f0910326a109e13000000000000a7000800050000000700070002000200000000002000f910b90f4a9f0000bf5b0000000000008ea80000300c0000ac7800006c5100007d0300009d000000e56800000000000000020008270024002800260000001c00aa06000000000000000000000000200000000000050413002c0130022c01000000000000000000007133bfab0e03f0608500030000006400000000000000000000000000000035020000350200000000000000000000040100003231393330333830333100000000000087c40009c1ec1424
[23:46:11] seq=001 SERVER→DONGLE    READ_INPUT_REQ  reg=127..253 count=127
[23:46:12] seq=001 DONGLE→SERVER    READ_INPUT_RESP reg=127..253 (127 regs)
        RAW: 00000000000000000000000000000000347c280003bc33000000000000000000000000000000000000000000000000000000000000000000000000000000000000000000000000000000000000000000000000000000740000000000000000810000000000000000000000000000000000000000000000000000000000000000000000000000000000000000000000000000000000000000000000000000000000000000000000007400000000000000000000000000000000000000000000000000000000000000000000000000000000000000000039ae1600000000000000000000000000000000000000000000000000000000000000000000000000
[23:46:12] seq=001 SERVER→DONGLE    READ_INPUT_REQ  reg=254..380 count=127
[23:46:13] seq=001 DONGLE→SERVER    READ_INPUT_RESP reg=254..380 (127 regs)
        RAW: 0000000000000000000000000000000000000000000000000000000000000000000000000000000000000000000000000000000000000000000000000000000000000000000000000000000000000000000000000000000000000000000000000000000000000000000000000000000000000000000000000000000000000000000000000000000000000000000000000000000000000000000000000000000000000000000000000000000000000000000000000000000000000000000000000000000000000000000000000000000000000000000000000000000000000000000000000000000000000000000000000000000000000000000000000000
[23:46:21] seq=001 DONGLE→SERVER    READ_INPUT_RESP reg=0..39 (40 regs)
        RAW: 10007b006700f71023025f000000000000000000020000004909000001709b1300003f0082000000570910326a109913000000000000b8000800050000000700070002000200000000002100d0103c0f
[23:46:22] seq=001 DONGLE→SERVER    READ_INPUT_RESP reg=40..79 (40 regs)
        RAW: 4a9f0000bf5b0000000000008ea80000300c0000ac7800006c5100007d0300009d000000e66800000000000000020008270024002800260000002700aa06000000000000000000000000200000000000
[23:46:41] seq=001 DONGLE→SERVER    READ_INPUT_RESP reg=0..39 (40 regs)
        RAW: 10007a006700fa10350261000000000000000000000014004c09000001709a1300002800960000005d0910326a109b13000000000000a3000800050000000700070002000200000000002100f510bc0f
[23:46:42] seq=001 DONGLE→SERVER    READ_INPUT_RESP reg=40..79 (40 regs)
        RAW: 4a9f0000bf5b0000000000008ea80000300c0000ac7800006c5100007d0300009d000000e66800000000000000020008270024002800260000003b00aa06000000000000000000000000200000000000
[23:47:01] seq=001 DONGLE→SERVER    READ_INPUT_RESP reg=0..39 (40 regs)
        RAW: 10007a006700ea10290262000000000000000000000012005009000001709f1300002a008c000000560910326a109f130000000000009b000800050000000700070002000200000000002100d810620f
[23:47:02] seq=001 DONGLE→SERVER    READ_INPUT_RESP reg=40..79 (40 regs)
        RAW: 4a9f0000bf5b0000000000008ea80000300c0000ac7800006c5100007d0300009d000000e66800000000000000020008270024002800260000004f00aa06000000000000000000000000200000000000
[23:47:21] seq=001 DONGLE→SERVER    READ_INPUT_RESP reg=0..39 (40 regs)
        RAW: 10007a006900e310280261000000000000000000000019003b090000017095130000230096000000420910326a1094130000000000009e000800050000000700070002000200000000002100d8105e0f
[23:47:22] seq=001 DONGLE→SERVER    READ_INPUT_RESP reg=40..79 (40 regs)
        RAW: 4a9f0000bf5b0000000000008ea80000300c0000ac7800006c5100007d0300009d000000e66800000000000000020008270024002800260000006300aa06000000000000000000000000200000000000
[23:47:41] seq=001 DONGLE→SERVER    READ_INPUT_RESP reg=0..39 (40 regs)
        RAW: 10007a006900f1102a0261000000000000000000020000004809000001709a1300003f008c000000540910326a109a13000000000000ae000800050000000700070002000200000000002100d810660f
[23:47:42] seq=001 DONGLE→SERVER    READ_INPUT_RESP reg=40..79 (40 regs)
        RAW: 4a9f0000bf5b0000000000008ea80000300c0000ac7800006c5100007d0300009d000000e66800000000000000020008270024002800260000007700aa06000000000000000000000000200000000000
[23:48:01] seq=001 DONGLE→SERVER    READ_INPUT_RESP reg=0..39 (40 regs)
        RAW: 10007a006900f510250260000000000000000000000001004209000001709b1300003a00780000004f0910326a109a13000000000000b3000800050000000700070002000200000000002100d3104b0f
[23:48:02] seq=001 DONGLE→SERVER    READ_INPUT_RESP reg=40..79 (40 regs)
        RAW: 4a9f0000bf5b0000000000008ea80000300c0000ac7800006c5100007d0300009d000000e66800000000000000020008270024002800260000008b00aa06000000000000000000000000200000000000
[23:48:21] seq=001 DONGLE→SERVER    READ_INPUT_RESP reg=0..39 (40 regs)
        RAW: 10007a006a00e1102b026100000000000000000000001300490900000170a013000029008c000000550910326a10a0130000000000009f000800050000000700070002000200000000002100d710740f
[23:48:22] seq=001 DONGLE→SERVER    READ_INPUT_RESP reg=40..79 (40 regs)
        RAW: 4a9f0000bf5b0000000000008ea80000300c0000ac7800006c5100007d0300009d000000e66800000000000000020008270024002800260000009f00aa06000000000000000000000000200000000000
[23:48:41] seq=001 DONGLE→SERVER    READ_INPUT_RESP reg=0..39 (40 regs)
        RAW: 10007a006a00ee1027026100000000000000000000001300420900000170a0130000290078000000460910326a109c13000000000000a2000800050000000700070002000200000000002100d110560f
[23:48:42] seq=001 DONGLE→SERVER    READ_INPUT_RESP reg=40..79 (40 regs)
        RAW: 4a9f0000bf5b0000000000008ea80000300c0000ac7800006c5100007d0300009d000000e6680000000000000002000827002400280026000000b300aa06000000000000000000000000200000000000
[23:48:57] seq=001 DONGLE→SERVER    READ_INPUT_RESP reg=0..126 (127 regs)
        RAW: 10007a006a00fa10320261000000000000000000030000004b09000001709c13000040008c0000005e0910326a109e13000000000000bb000800050000000700070002000200000000002100f010a20f4a9f0000bf5b0000000000008ea80000300c0000ac7800006c5100007d0300009d000000e6680000000000000002000828002400280026000000c200aa06000000000000000000000000200000000000050413002c0130022c01000000000000000000007133bfab0e03f060850003000000640000000000000000000000000000003202000032020000000000000000000004010000323139333033383033310000000000002dc50009c1ec1424
[23:48:58] seq=001 DONGLE→SERVER    READ_INPUT_RESP reg=127..253 (127 regs)
        RAW: 00000000000000000000000000000000347c280003bc330000000000000000000000000000000000000000000000000000000000000000000000000000000000000000000000000000000000000000000000000000007a0000000000000000810000000000000000000000000000000000000000000000000000000000000000000000000000000000000000000000000000000000000000000000000000000000000000000000007a00000000000000000000000000000000000000000000000000000000000000000000000000000000000000000039ae1600000000000000000000000000000000000000000000000000000000000000000000000000
[23:48:59] seq=001 DONGLE→SERVER    READ_INPUT_RESP reg=254..380 (127 regs)
        RAW: 0000000000000000000000000000000000000000000000000000000000000000000000000000000000000000000000000000000000000000000000000000000000000000000000000000000000000000000000000000000000000000000000000000000000000000000000000000000000000000000000000000000000000000000000000000000000000000000000000000000000000000000000000000000000000000000000000000000000000000000000000000000000000000000000000000000000000000000000000000000000000000000000000000000000000000000000000000000000000000000000000000000000000000000000000000
[23:49:01] seq=001 DONGLE→SERVER    READ_INPUT_RESP reg=0..39 (40 regs)
        RAW: 10007b006a00e11029026100000000000000000000000400450900000170a013000037008c000000550910326a10a113000000000000b1000800050000000700070002000200000000002100d810650f
[23:49:02] seq=001 DONGLE→SERVER    READ_INPUT_RESP reg=40..79 (40 regs)
        RAW: 4a9f0000bf5b0000000000008ea80000300c0000ac7800006c5100007d0300009d000000e6680000000000000002000828002400280026000000c700aa06000000000000000000000000200000000000
[23:49:21] seq=001 DONGLE→SERVER    READ_INPUT_RESP reg=0..39 (40 regs)
        RAW: 100079006900f3101e0260000000000000000000010000003f09000001709a1300003e00780000004a0910326a109913000000000000bd000800050000000700070002000200000000002100d110170f
[23:49:22] seq=001 DONGLE→SERVER    READ_INPUT_RESP reg=40..79 (40 regs)
        RAW: 4a9f0000bf5b0000000000008ea80000300c0000ac7800006c5100007d0300009d000000e6680000000000000002000828002400280026000000db00aa06000000000000000000000000200000000000
[23:49:41] seq=001 DONGLE→SERVER    READ_INPUT_RESP reg=0..39 (40 regs)
        RAW: 100079006900f9102a026000000000000000000000001100420900000170a11300002b008c000000520910326a10a213000000000000a5000800050000000700070002000200000000002100d8106b0f
[23:49:42] seq=001 DONGLE→SERVER    READ_INPUT_RESP reg=40..79 (40 regs)
        RAW: 4a9f0000bf5b0000000000008ea80000300c0000ac7800006c5100007d0300009d000000e6680000000000000002000827002400280026000000ef00aa06000000000000000000000000200000000000
[23:50:01] seq=001 DONGLE→SERVER    READ_INPUT_RESP reg=0..39 (40 regs)
        RAW: 100079006800f410280260000000000000000000000011004009000001709f1300002b00780000004c0910326a109c13000000000000a5000800050000000700070002000200000000002100d110600f
[23:50:02] seq=001 DONGLE→SERVER    READ_INPUT_RESP reg=40..79 (40 regs)
        RAW: 4a9f0000bf5b0000000000008ea80000300c0000ac7800006c5100007d0300009d000000e66800000000000000020008270024002800260000000301aa06000000000000000000000000200000000000
[23:50:21] seq=001 DONGLE→SERVER    READ_INPUT_RESP reg=0..39 (40 regs)
        RAW: 100079006800fb1029026100000000000000000000000d004e09000001709d1300002f00a0000000490910326a109c13000000000000a9000800050000000700070002000200000000002100d810610f
[23:50:22] seq=001 DONGLE→SERVER    READ_INPUT_RESP reg=40..79 (40 regs)
        RAW: 4a9f0000bf5b0000000000008ea80000300c0000ac7800006c5100007d0300009d000000e66800000000000000020008270024002800260000001701aa06000000000000000000000000200000000000
[23:50:41] seq=001 DONGLE→SERVER    READ_INPUT_RESP reg=0..39 (40 regs)
        RAW: 100079006800e110330260000000000000000000030000004209000001709f130000410078000000490910326a109d13000000000000c1000800050000000700070002000200000000002100f110a80f
[23:50:42] seq=001 DONGLE→SERVER    READ_INPUT_RESP reg=40..79 (40 regs)
        RAW: 4a9f0000bf5b0000000000008ea80000300c0000ac7800006c5100007d0300009d000000e66800000000000000020008270024002800260000002b01aa06000000000000000000000000200000000000
[23:51:01] seq=001 DONGLE→SERVER    READ_INPUT_RESP reg=0..39 (40 regs)
        RAW: 100079006900ef10290261000000000000000000000012004309000001709f1300002a00960000004d0910326a109b13000000000000ab000800050000000700070002000200000000002100d710640f
[23:51:02] seq=001 DONGLE→SERVER    READ_INPUT_RESP reg=40..79 (40 regs)
        RAW: 4a9f0000bf5b0000000000008ea80000300c0000ac7800006c5100007d0300009d000000e66800000000000000020008270024002800260000003f01aa06000000000000000000000000200000000000
[23:51:21] seq=001 DONGLE→SERVER    READ_INPUT_RESP reg=0..39 (40 regs)
        RAW: 100079006900e21027026100000000000000000000000f003f09000001709b1300002d00780000004a0910326a109a13000000000000a9000800050000000700070002000200000000002100f310bc0f
[23:51:22] seq=001 DONGLE→SERVER    READ_INPUT_RESP reg=40..79 (40 regs)
        RAW: 4a9f0000bf5b0000000000008ea80000300c0000ac7800006c5100007d0300009d000000e66800000000000000020008270024002800260000005301aa06000000000000000000000000200000000000
[23:51:41] seq=001 DONGLE→SERVER    READ_INPUT_RESP reg=0..39 (40 regs)
        RAW: 10007a006900fa10290260000000000000000000000014004c09000001709c1300002800960000004f0910326a10a01300000000000096000800050000000700070002000200000000002100d610620f
[23:51:42] seq=001 DONGLE→SERVER    READ_INPUT_RESP reg=40..79 (40 regs)
        RAW: 4a9f0000bf5b0000000000008ea80000300c0000ac7800006c5100007d0300009d000000e66800000000000000020008270024002800260000006701aa06000000000000000000000000200000000000
[23:51:57] seq=001 DONGLE→SERVER    READ_INPUT_RESP reg=0..126 (127 regs)
        RAW: 10007a006800e110280261000000000000000000000003004909000001709c130000380096000000500910326a10a013000000000000ab000800050000000700070002000200000000002100d710580f4a9f0000bf5b0000000000008ea80000300c0000ac7800006c5100007d0300009d000000e66800000000000000020008270024002800260000007601aa060000000000000000000000002000000000000504a4002c0130022c01000000000000000000007133bfab0e03f06085000300000064000000000000000000000000000000280200002802000000000000000000000401000032313933303338303331000000000000e1c50009c1ec1424
[23:51:58] seq=001 DONGLE→SERVER    READ_INPUT_RESP reg=127..253 (127 regs)
        RAW: 00000000000000000000000000000000347c280003bc33000000000000000000000000000000000000000000000000000000000000000000000000000000000000000000000000000000000000000000000000000000830000000000000000810000000000000000000000000000000000000000000000000000000000000000000000000000000000000000000000000000000000000000000000000000000000000000000000007d00060000000000000000000000000000000000000000000000000000000000000000000000000000000000000039ae1600000000000000000000000000000000000000000000000000000000000000000000000000
[23:51:59] seq=001 DONGLE→SERVER    READ_INPUT_RESP reg=254..380 (127 regs)
        RAW: 0000000000000000000000000000000000000000000000000000000000000000000000000000000000000000000000000000000000000000000000000000000000000000000000000000000000000000000000000000000000000000000000000000000000000000000000000000000000000000000000000000000000000000000000000000000000000000000000000000000000000000000000000000000000000000000000000000000000000000000000000000000000000000000000000000000000000000000000000000000000000000000000000000000000000000000000000000000000000000000000000000000000000000000000000000
[23:52:01] seq=001 DONGLE→SERVER    READ_INPUT_RESP reg=0..39 (40 regs)
        RAW: 10007a006800ec1023026000000000000000000004000000420900000170a0130000410078000000490910326a109b13000000000000b8000800050000000700070002000200000000002100d310390f
[23:52:02] seq=001 DONGLE→SERVER    READ_INPUT_RESP reg=40..79 (40 regs)
        RAW: 4a9f0000bf5b0000000000008ea80000300c0000ac7800006c5100007d0300009d000000e66800000000000000020008270024002800260000007b01aa06000000000000000000000000200000000000
[23:52:21] seq=001 DONGLE→SERVER    READ_INPUT_RESP reg=0..39 (40 regs)
        RAW: 10007a006800f110350261000000000000000000000007004c09000001709b1300003500820000005c0910326a109c13000000000000b0000800050000000700070002000200000000002100f210b70f
[23:52:22] seq=001 DONGLE→SERVER    READ_INPUT_RESP reg=40..79 (40 regs)
        RAW: 4a9f0000bf5b0000000000008ea80000300c0000ac7800006c5100007d0300009d000000e66800000000000000020008270024002800260000008f01aa06000000000000000000000000200000000000
[23:52:41] seq=001 DONGLE→SERVER    READ_INPUT_RESP reg=0..39 (40 regs)
        RAW: 100079006700f11029026200000000000000000000000f004b09000001709b1300002d0096000000430910326a109b13000000000000a1000800050000000700070002000200000000002100db10630f
[23:52:42] seq=001 DONGLE→SERVER    READ_INPUT_RESP reg=40..79 (40 regs)
        RAW: 4a9f0000bf5b0000000000008ea80000300c0000ac7800006c5100007d0300009d000000e6680000000000000002000827002400280026000000a301aa06000000000000000000000000200000000000
[23:53:01] seq=001 DONGLE→SERVER    READ_INPUT_RESP reg=0..39 (40 regs)
        RAW: 100079006700e710260261000000000000000000000015004d09000001709a130000270096000000460910326a109f13000000000000a6000800050000000700070002000200000000002100d4104d0f
[23:53:02] seq=001 DONGLE→SERVER    READ_INPUT_RESP reg=40..79 (40 regs)
        RAW: 4a9f0000bf5b0000000000008ea80000300c0000ac7800006c5100007d0300009d000000e6680000000000000002000827002400280026000000b701aa06000000000000000000000000200000000000
[23:53:21] seq=001 DONGLE→SERVER    READ_INPUT_RESP reg=0..39 (40 regs)
        RAW: 100079006800e110260260000000000000000000000014005f090000017095130000280078000000700910326a109313000000000000a1000800050000000700070002000200000000002100cf104c0f
[23:53:22] seq=001 DONGLE→SERVER    READ_INPUT_RESP reg=40..79 (40 regs)
        RAW: 4a9f0000bf5b0000000000008ea80000300c0000ac7800006c5100007d0300009d000000e6680000000000000002000827002400280026000000cb01aa06000000000000000000000000200000000000
[23:53:41] seq=001 DONGLE→SERVER    READ_INPUT_RESP reg=0..39 (40 regs)
        RAW: 100078006800f810300260000000000000000000060000006509000001709c130000450096000000730910326a109c13000000000000be000800050000000700070002000200000000002100f510960f
[23:53:42] seq=001 DONGLE→SERVER    READ_INPUT_RESP reg=40..79 (40 regs)
        RAW: 4a9f0000bf5b0000000000008ea80000300c0000ac7800006c5100007d0300009d000000e6680000000000000002000827002400280026000000df01aa06000000000000000000000000200000000000
[23:54:01] seq=001 DONGLE→SERVER    READ_INPUT_RESP reg=0..39 (40 regs)
        RAW: 100079006800e3102b0260000000000000000000000004006d09000001709b1300003700a00000006c0910326a109a13000000000000b1000800050000000700070002000200000000002100d7106e0f
[23:54:02] seq=001 DONGLE→SERVER    READ_INPUT_RESP reg=40..79 (40 regs)
        RAW: 4a9f0000bf5b0000000000008ea80000300c0000ac7800006c5100007d0300009d000000e6680000000000000002000827002400280026000000f301aa06000000000000000000000000200000000000
